#
# There is insufficient memory for the Java Runtime Environment to continue.
# Native memory allocation (malloc) failed to allocate 1010368 bytes for Chunk::new
# Possible reasons:
#   The system is out of physical RAM or swap space
#   In 32 bit mode, the process size limit was hit
# Possible solutions:
#   Reduce memory load on the system
#   Increase physical memory or swap space
#   Check if swap backing store is full
#   Use 64 bit Java on a 64 bit OS
#   Decrease Java heap size (-Xmx/-Xms)
#   Decrease number of Java threads
#   Decrease Java thread stack sizes (-Xss)
#   Set larger code cache with -XX:ReservedCodeCacheSize=
# This output file may be truncated or incomplete.
#
#  Out of Memory Error (allocation.cpp:390), pid=3000, tid=1944
#
# JRE version: Java(TM) SE Runtime Environment (8.0_65-b17) (build 1.8.0_65-b17)
# Java VM: Java HotSpot(TM) 64-Bit Server VM (25.65-b01 mixed mode windows-amd64 compressed oops)
# Failed to write core dump. Minidumps are not enabled by default on client versions of Windows
#

---------------  T H R E A D  ---------------

Current thread (0x000000005625a800):  JavaThread "C2 CompilerThread1" daemon [_thread_in_native, id=1944, stack(0x0000000056c90000,0x0000000056d90000)]

Stack: [0x0000000056c90000,0x0000000056d90000]
[error occurred during error reporting (printing stack bounds), id 0xc0000005]

Native frames: (J=compiled Java code, j=interpreted, Vv=VM code, C=native code)


Current CompileTask:
C2:1074523 12347       4       java.net.URI$Parser::parse (265 bytes)


---------------  P R O C E S S  ---------------

Java Threads: ( => current thread )
  0x000000005a855000 JavaThread "Stdin handler" [_thread_blocked, id=3260, stack(0x000000005da40000,0x000000005db40000)]
  0x000000005a853800 JavaThread "Daemon worker Thread 3" [_thread_in_native, id=8496, stack(0x0000000056020000,0x0000000056120000)]
  0x000000005a852000 JavaThread "Cancel handler" [_thread_blocked, id=2788, stack(0x0000000058fc0000,0x00000000590c0000)]
  0x000000005a852800 JavaThread "Handler for socket connection from /127.0.0.1:51740 to /127.0.0.1:53203" [_thread_in_native, id=4796, stack(0x000000005cf40000,0x000000005d040000)]
  0x000000005a851000 JavaThread "Daemon Thread 3" [_thread_blocked, id=6460, stack(0x0000000058ec0000,0x0000000058fc0000)]
  0x0000000059c0b800 JavaThread "File lock request listener" [_thread_in_native, id=6948, stack(0x0000000058c90000,0x0000000058d90000)]
  0x0000000057578800 JavaThread "Incoming local TCP Connector on port 51740" [_thread_in_native, id=3976, stack(0x0000000058990000,0x0000000058a90000)]
  0x00000000562da000 JavaThread "Service Thread" daemon [_thread_blocked, id=9384, stack(0x0000000056b70000,0x0000000056c70000)]
  0x000000005625c000 JavaThread "C1 CompilerThread2" daemon [_thread_blocked, id=8740, stack(0x0000000056e30000,0x0000000056f30000)]
=>0x000000005625a800 JavaThread "C2 CompilerThread1" daemon [_thread_in_native, id=1944, stack(0x0000000056c90000,0x0000000056d90000)]
  0x0000000056255000 JavaThread "C2 CompilerThread0" daemon [_thread_in_native, id=5416, stack(0x0000000056a50000,0x0000000056b50000)]
  0x0000000054e04800 JavaThread "Attach Listener" daemon [_thread_blocked, id=6064, stack(0x0000000056890000,0x0000000056990000)]
  0x0000000054e03000 JavaThread "Signal Dispatcher" daemon [_thread_blocked, id=6612, stack(0x0000000056750000,0x0000000056850000)]
  0x0000000054da9800 JavaThread "Finalizer" daemon [_thread_blocked, id=2964, stack(0x0000000056150000,0x0000000056250000)]
  0x0000000054da2800 JavaThread "Reference Handler" daemon [_thread_blocked, id=7552, stack(0x0000000055f20000,0x0000000056020000)]
  0x0000000001dc8000 JavaThread "main" [_thread_blocked, id=468, stack(0x00000000021f0000,0x00000000022f0000)]

Other Threads:
  0x0000000054d9d000 VMThread [stack: 0x0000000055cf0000,0x0000000055df0000] [id=8160]
  0x00000000562ff800 WatcherThread [stack: 0x0000000056f50000,0x0000000057050000] [id=5672]

VM state:not at safepoint (normal execution)

VM Mutex/Monitor currently owned by a thread: None

Heap:
 PSYoungGen      total 327168K, used 224100K [0x00000000eab00000, 0x0000000100000000, 0x0000000100000000)
  eden space 308224K, 72% used [0x00000000eab00000,0x00000000f85d9130,0x00000000fd800000)
  from space 18944K, 0% used [0x00000000fed80000,0x00000000fed80000,0x0000000100000000)
  to   space 20480K, 0% used [0x00000000fd800000,0x00000000fd800000,0x00000000fec00000)
 ParOldGen       total 71168K, used 71161K [0x00000000c0000000, 0x00000000c4580000, 0x00000000eab00000)
  object space 71168K, 99% used [0x00000000c0000000,0x00000000c457e5e8,0x00000000c4580000)
 Metaspace       used 59358K, capacity 63902K, committed 64128K, reserved 1103872K
  class space    used 7867K, capacity 9220K, committed 9344K, reserved 1048576K

Card table byte_map: [0x0000000011980000,0x0000000011b90000] byte_map_base: 0x0000000011380000

Marking Bits: (ParMarkBitMap*) 0x000000005ea3a5b0
 Begin Bits: [0x0000000012210000, 0x0000000013210000)
 End Bits:   [0x0000000013210000, 0x0000000014210000)

Polling page: 0x0000000000110000

CodeCache: size=245760Kb used=38551Kb max_used=40040Kb free=207208Kb
 bounds [0x00000000025c0000, 0x0000000004d20000, 0x00000000115c0000]
 total_blobs=10702 nmethods=9947 adapters=665
 compilation: enabled

Compilation events (10 events):
Event: 1074.341 Thread 0x000000005625c000 12355       1       org.gradle.internal.resource.transport.http.DefaultHttpSettings::getCredentials (5 bytes)
Event: 1074.341 Thread 0x000000005625c000 nmethod 12355 0x00000000027f4490 code [0x00000000027f45e0, 0x00000000027f46f0]
Event: 1074.341 Thread 0x000000005625c000 12356       1       org.gradle.internal.resource.transport.http.DefaultHttpSettings::getProxySettings (5 bytes)
Event: 1074.341 Thread 0x000000005625c000 nmethod 12356 0x0000000003b0f510 code [0x0000000003b0f660, 0x0000000003b0f770]
Event: 1074.341 Thread 0x000000005625c000 12357       1       org.gradle.internal.resource.transport.http.JavaSystemPropertiesProxySettings::getProxy (5 bytes)
Event: 1074.341 Thread 0x000000005625c000 nmethod 12357 0x00000000033c2910 code [0x00000000033c2a60, 0x00000000033c2b70]
Event: 1074.341 Thread 0x000000005625c000 12358       1       org.apache.http.util.VersionInfo::getRelease (5 bytes)
Event: 1074.341 Thread 0x000000005625c000 nmethod 12358 0x0000000003462410 code [0x0000000003462560, 0x0000000003462670]
Event: 1074.343 Thread 0x000000005625c000 12359       3       org.gradle.api.internal.artifacts.ivyservice.moduleconverter.DefaultConfigurationsToArtifactsConverter::addArtifacts (111 bytes)
Event: 1074.344 Thread 0x000000005625c000 nmethod 12359 0x0000000003b42d90 code [0x0000000003b43000, 0x0000000003b43e88]

GC Heap History (10 events):
Event: 227.259 GC heap before
{Heap before GC invocations=32 (full 4):
 PSYoungGen      total 331264K, used 6134K [0x00000000eab00000, 0x0000000100000000, 0x0000000100000000)
  eden space 312320K, 0% used [0x00000000eab00000,0x00000000eab00000,0x00000000fdc00000)
  from space 18944K, 32% used [0x00000000fed80000,0x00000000ff37d8c8,0x0000000100000000)
  to   space 17920K, 0% used [0x00000000fdc00000,0x00000000fdc00000,0x00000000fed80000)
 ParOldGen       total 71168K, used 58691K [0x00000000c0000000, 0x00000000c4580000, 0x00000000eab00000)
  object space 71168K, 82% used [0x00000000c0000000,0x00000000c3950f50,0x00000000c4580000)
 Metaspace       used 48907K, capacity 51520K, committed 51584K, reserved 1093632K
  class space    used 6609K, capacity 7494K, committed 7552K, reserved 1048576K
Event: 227.696 GC heap after
Heap after GC invocations=32 (full 4):
 PSYoungGen      total 331264K, used 0K [0x00000000eab00000, 0x0000000100000000, 0x0000000100000000)
  eden space 312320K, 0% used [0x00000000eab00000,0x00000000eab00000,0x00000000fdc00000)
  from space 18944K, 0% used [0x00000000fed80000,0x00000000fed80000,0x0000000100000000)
  to   space 17920K, 0% used [0x00000000fdc00000,0x00000000fdc00000,0x00000000fed80000)
 ParOldGen       total 71168K, used 56344K [0x00000000c0000000, 0x00000000c4580000, 0x00000000eab00000)
  object space 71168K, 79% used [0x00000000c0000000,0x00000000c37063a8,0x00000000c4580000)
 Metaspace       used 48820K, capacity 51292K, committed 51584K, reserved 1093632K
  class space    used 6589K, capacity 7426K, committed 7552K, reserved 1048576K
}
Event: 330.037 GC heap before
{Heap before GC invocations=33 (full 4):
 PSYoungGen      total 331264K, used 312320K [0x00000000eab00000, 0x0000000100000000, 0x0000000100000000)
  eden space 312320K, 100% used [0x00000000eab00000,0x00000000fdc00000,0x00000000fdc00000)
  from space 18944K, 0% used [0x00000000fed80000,0x00000000fed80000,0x0000000100000000)
  to   space 17920K, 0% used [0x00000000fdc00000,0x00000000fdc00000,0x00000000fed80000)
 ParOldGen       total 71168K, used 56344K [0x00000000c0000000, 0x00000000c4580000, 0x00000000eab00000)
  object space 71168K, 79% used [0x00000000c0000000,0x00000000c37063a8,0x00000000c4580000)
 Metaspace       used 51763K, capacity 55088K, committed 55168K, reserved 1095680K
  class space    used 6993K, capacity 8017K, committed 8064K, reserved 1048576K
Event: 330.104 GC heap after
Heap after GC invocations=33 (full 4):
 PSYoungGen      total 330240K, used 17410K [0x00000000eab00000, 0x0000000100000000, 0x0000000100000000)
  eden space 312320K, 0% used [0x00000000eab00000,0x00000000eab00000,0x00000000fdc00000)
  from space 17920K, 97% used [0x00000000fdc00000,0x00000000fed00aa0,0x00000000fed80000)
  to   space 18944K, 0% used [0x00000000fed80000,0x00000000fed80000,0x0000000100000000)
 ParOldGen       total 71168K, used 56352K [0x00000000c0000000, 0x00000000c4580000, 0x00000000eab00000)
  object space 71168K, 79% used [0x00000000c0000000,0x00000000c37083a8,0x00000000c4580000)
 Metaspace       used 51763K, capacity 55088K, committed 55168K, reserved 1095680K
  class space    used 6993K, capacity 8017K, committed 8064K, reserved 1048576K
}
Event: 355.579 GC heap before
{Heap before GC invocations=34 (full 4):
 PSYoungGen      total 330240K, used 178961K [0x00000000eab00000, 0x0000000100000000, 0x0000000100000000)
  eden space 312320K, 51% used [0x00000000eab00000,0x00000000f48c3960,0x00000000fdc00000)
  from space 17920K, 97% used [0x00000000fdc00000,0x00000000fed00aa0,0x00000000fed80000)
  to   space 18944K, 0% used [0x00000000fed80000,0x00000000fed80000,0x0000000100000000)
 ParOldGen       total 71168K, used 56352K [0x00000000c0000000, 0x00000000c4580000, 0x00000000eab00000)
  object space 71168K, 79% used [0x00000000c0000000,0x00000000c37083a8,0x00000000c4580000)
 Metaspace       used 57690K, capacity 61484K, committed 61568K, reserved 1101824K
  class space    used 7660K, capacity 8795K, committed 8832K, reserved 1048576K
Event: 355.754 GC heap after
Heap after GC invocations=34 (full 4):
 PSYoungGen      total 327168K, used 9152K [0x00000000eab00000, 0x0000000100000000, 0x0000000100000000)
  eden space 308224K, 0% used [0x00000000eab00000,0x00000000eab00000,0x00000000fd800000)
  from space 18944K, 48% used [0x00000000fed80000,0x00000000ff6700e8,0x0000000100000000)
  to   space 20480K, 0% used [0x00000000fd800000,0x00000000fd800000,0x00000000fec00000)
 ParOldGen       total 71168K, used 64029K [0x00000000c0000000, 0x00000000c4580000, 0x00000000eab00000)
  object space 71168K, 89% used [0x00000000c0000000,0x00000000c3e874e8,0x00000000c4580000)
 Metaspace       used 57690K, capacity 61484K, committed 61568K, reserved 1101824K
  class space    used 7660K, capacity 8795K, committed 8832K, reserved 1048576K
}
Event: 355.754 GC heap before
{Heap before GC invocations=35 (full 5):
 PSYoungGen      total 327168K, used 9152K [0x00000000eab00000, 0x0000000100000000, 0x0000000100000000)
  eden space 308224K, 0% used [0x00000000eab00000,0x00000000eab00000,0x00000000fd800000)
  from space 18944K, 48% used [0x00000000fed80000,0x00000000ff6700e8,0x0000000100000000)
  to   space 20480K, 0% used [0x00000000fd800000,0x00000000fd800000,0x00000000fec00000)
 ParOldGen       total 71168K, used 64029K [0x00000000c0000000, 0x00000000c4580000, 0x00000000eab00000)
  object space 71168K, 89% used [0x00000000c0000000,0x00000000c3e874e8,0x00000000c4580000)
 Metaspace       used 57690K, capacity 61484K, committed 61568K, reserved 1101824K
  class space    used 7660K, capacity 8795K, committed 8832K, reserved 1048576K
Event: 356.579 GC heap after
Heap after GC invocations=35 (full 5):
 PSYoungGen      total 327168K, used 941K [0x00000000eab00000, 0x0000000100000000, 0x0000000100000000)
  eden space 308224K, 0% used [0x00000000eab00000,0x00000000eab00000,0x00000000fd800000)
  from space 18944K, 4% used [0x00000000fed80000,0x00000000fee6b4c0,0x0000000100000000)
  to   space 20480K, 0% used [0x00000000fd800000,0x00000000fd800000,0x00000000fec00000)
 ParOldGen       total 71168K, used 70747K [0x00000000c0000000, 0x00000000c4580000, 0x00000000eab00000)
  object space 71168K, 99% used [0x00000000c0000000,0x00000000c4516e48,0x00000000c4580000)
 Metaspace       used 57657K, capacity 61370K, committed 61568K, reserved 1101824K
  class space    used 7652K, capacity 8761K, committed 8832K, reserved 1048576K
}
Event: 959.954 GC heap before
{Heap before GC invocations=36 (full 6):
 PSYoungGen      total 327168K, used 246033K [0x00000000eab00000, 0x0000000100000000, 0x0000000100000000)
  eden space 308224K, 79% used [0x00000000eab00000,0x00000000f9a59158,0x00000000fd800000)
  from space 18944K, 4% used [0x00000000fed80000,0x00000000fee6b4c0,0x0000000100000000)
  to   space 20480K, 0% used [0x00000000fd800000,0x00000000fd800000,0x00000000fec00000)
 ParOldGen       total 71168K, used 70747K [0x00000000c0000000, 0x00000000c4580000, 0x00000000eab00000)
  object space 71168K, 99% used [0x00000000c0000000,0x00000000c4516e48,0x00000000c4580000)
 Metaspace       used 58808K, capacity 63136K, committed 63488K, reserved 1103872K
  class space    used 7811K, capacity 9105K, committed 9216K, reserved 1048576K
Event: 960.626 GC heap after
Heap after GC invocations=36 (full 6):
 PSYoungGen      total 327168K, used 9246K [0x00000000eab00000, 0x0000000100000000, 0x0000000100000000)
  eden space 308224K, 2% used [0x00000000eab00000,0x00000000eb4079c0,0x00000000fd800000)
  from space 18944K, 0% used [0x00000000fed80000,0x00000000fed80000,0x0000000100000000)
  to   space 20480K, 0% used [0x00000000fd800000,0x00000000fd800000,0x00000000fec00000)
 ParOldGen       total 71168K, used 71161K [0x00000000c0000000, 0x00000000c4580000, 0x00000000eab00000)
  object space 71168K, 99% used [0x00000000c0000000,0x00000000c457e5e8,0x00000000c4580000)
 Metaspace       used 58741K, capacity 62908K, committed 63488K, reserved 1103872K
  class space    used 7797K, capacity 9037K, committed 9216K, reserved 1048576K
}

Deoptimization events (10 events):
Event: 946.187 Thread 0x000000005a852800 Uncommon trap: reason=class_check action=maybe_recompile pc=0x0000000002d84398 method=org.codehaus.groovy.classgen.Verifier.storeMissingCovariantMethods(Ljava/util/Collection;Lorg/codehaus/groovy/ast/MethodNode;Ljava/util/Map;Ljava/util/Map;)V @ 1
Event: 946.224 Thread 0x000000005a852800 Uncommon trap: reason=unstable_if action=reinterpret pc=0x00000000041bed70 method=org.codehaus.groovy.runtime.typehandling.DefaultTypeTransformation.castToType(Ljava/lang/Object;Ljava/lang/Class;)Ljava/lang/Object; @ 40
Event: 946.795 Thread 0x000000005a852800 Uncommon trap: reason=class_check action=maybe_recompile pc=0x00000000049fabec method=com.google.common.cache.LocalCache$Segment.setValue(Lcom/google/common/cache/LocalCache$ReferenceEntry;Ljava/lang/Object;Ljava/lang/Object;J)V @ 1
Event: 946.795 Thread 0x000000005a852800 Uncommon trap: reason=class_check action=maybe_recompile pc=0x00000000049fabec method=com.google.common.cache.LocalCache$Segment.setValue(Lcom/google/common/cache/LocalCache$ReferenceEntry;Ljava/lang/Object;Ljava/lang/Object;J)V @ 1
Event: 956.449 Thread 0x000000005a852800 Uncommon trap: reason=unstable_if action=reinterpret pc=0x0000000004320a08 method=com.google.common.cache.LocalCache.isExpired(Lcom/google/common/cache/LocalCache$ReferenceEntry;J)Z @ 9
Event: 980.284 Thread 0x000000005a852800 Uncommon trap: reason=unstable_if action=reinterpret pc=0x0000000003af8e8c method=java.util.Formatter$FormatSpecifier.precision(Ljava/lang/String;)I @ 6
Event: 990.563 Thread 0x000000005a852800 Uncommon trap: reason=unstable_if action=reinterpret pc=0x0000000004726004 method=java.util.regex.Pattern.split(Ljava/lang/CharSequence;I)[Ljava/lang/String; @ 255
Event: 990.678 Thread 0x000000005a851000 Uncommon trap: reason=predicate action=maybe_recompile pc=0x0000000004c9c688 method=java.util.ComparableTimSort.reverseRange([Ljava/lang/Object;II)V @ 8
Event: 990.715 Thread 0x000000005a851000 Uncommon trap: reason=unstable_if action=reinterpret pc=0x0000000003ed3158 method=org.gradle.messaging.remote.internal.Message$ExceptionReplacingObjectOutputStream.replaceObject(Ljava/lang/Object;)Ljava/lang/Object; @ 4
Event: 1074.342 Thread 0x000000005a853800 Uncommon trap: reason=array_check action=maybe_recompile pc=0x0000000003766af0 method=java.util.ComparableTimSort.reverseRange([Ljava/lang/Object;II)V @ 20

Internal exceptions (10 events):
Event: 990.821 Thread 0x000000005a851000 Exception <a 'java/lang/NoSuchMethodError': <clinit>> (0x00000000f3a2fbe0) thrown at [C:\workspace\8-2-build-windows-amd64-cygwin\jdk8u65\4987\hotspot\src\share\vm\prims\jni.cpp, line 1591]
Event: 990.845 Thread 0x000000005a851000 Exception <a 'java/lang/NoSuchMethodError': <clinit>> (0x00000000f3a50358) thrown at [C:\workspace\8-2-build-windows-amd64-cygwin\jdk8u65\4987\hotspot\src\share\vm\prims\jni.cpp, line 1591]
Event: 990.862 Thread 0x000000005a851000 Exception <a 'java/lang/NoSuchMethodError': <clinit>> (0x00000000f3a57650) thrown at [C:\workspace\8-2-build-windows-amd64-cygwin\jdk8u65\4987\hotspot\src\share\vm\prims\jni.cpp, line 1591]
Event: 990.865 Thread 0x000000005a851000 Exception <a 'java/lang/NoSuchMethodError': <clinit>> (0x00000000f3a777e0) thrown at [C:\workspace\8-2-build-windows-amd64-cygwin\jdk8u65\4987\hotspot\src\share\vm\prims\jni.cpp, line 1591]
Event: 990.865 Thread 0x000000005a851000 Exception <a 'java/lang/NoSuchMethodError': <clinit>> (0x00000000f3a7d360) thrown at [C:\workspace\8-2-build-windows-amd64-cygwin\jdk8u65\4987\hotspot\src\share\vm\prims\jni.cpp, line 1591]
Event: 990.866 Thread 0x000000005a851000 Exception <a 'java/lang/NoSuchMethodError': <clinit>> (0x00000000f3a8db50) thrown at [C:\workspace\8-2-build-windows-amd64-cygwin\jdk8u65\4987\hotspot\src\share\vm\prims\jni.cpp, line 1591]
Event: 990.867 Thread 0x000000005a851000 Exception <a 'java/lang/NoSuchMethodError': <clinit>> (0x00000000f3aa7d30) thrown at [C:\workspace\8-2-build-windows-amd64-cygwin\jdk8u65\4987\hotspot\src\share\vm\prims\jni.cpp, line 1591]
Event: 990.868 Thread 0x000000005a851000 Exception <a 'java/lang/NoSuchMethodError': <clinit>> (0x00000000f3aab400) thrown at [C:\workspace\8-2-build-windows-amd64-cygwin\jdk8u65\4987\hotspot\src\share\vm\prims\jni.cpp, line 1591]
Event: 1067.041 Thread 0x000000005a853800 Exception <a 'java/lang/ClassNotFoundException': asLocalRepo4_bnrzccqr3lj44wu52l3pc3tqiBeanInfo> (0x00000000f4faec98) thrown at [C:\workspace\8-2-build-windows-amd64-cygwin\jdk8u65\4987\hotspot\src\share\vm\classfile\systemDictionary.cpp, line 210]
Event: 1067.041 Thread 0x000000005a853800 Exception <a 'java/lang/ClassNotFoundException': asLocalRepo4_bnrzccqr3lj44wu52l3pc3tqiCustomizer> (0x00000000f4fb81d8) thrown at [C:\workspace\8-2-build-windows-amd64-cygwin\jdk8u65\4987\hotspot\src\share\vm\classfile\systemDictionary.cpp, line 210]

Events (10 events):
Event: 1070.780 Thread 0x000000005625c000 flushing nmethod 0x0000000004573f50
Event: 1070.788 Thread 0x000000005625c000 flushing nmethod 0x0000000004688f50
Event: 1070.788 Thread 0x000000005625c000 flushing nmethod 0x0000000004691f10
Event: 1070.788 Thread 0x000000005625c000 flushing nmethod 0x00000000046d89d0
Event: 1071.280 Thread 0x000000005625c000 flushing nmethod 0x00000000049fe750
Event: 1071.280 Thread 0x000000005625c000 flushing nmethod 0x0000000004a180d0
Event: 1071.281 Thread 0x000000005625c000 flushing nmethod 0x0000000004ad3750
Event: 1074.342 Thread 0x000000005a853800 Uncommon trap: trap_request=0xffffffd6 fr.pc=0x0000000003766af0
Event: 1074.342 Thread 0x000000005a853800 DEOPT PACKING pc=0x0000000003766af0 sp=0x0000000056119950
Event: 1074.342 Thread 0x000000005a853800 DEOPT UNPACKING pc=0x000000000260582a sp=0x0000000056119830 mode 2


Dynamic libraries:
0x000000013fe60000 - 0x000000013fe97000 	C:\Program Files\Java\jdk1.8.0_65\bin\java.exe
0x0000000076fa0000 - 0x000000007714b000 	C:\Windows\SYSTEM32\ntdll.dll
0x0000000076d80000 - 0x0000000076e9f000 	C:\Windows\system32\kernel32.dll
0x000007fefd130000 - 0x000007fefd19a000 	C:\Windows\system32\KERNELBASE.dll
0x000007fefeee0000 - 0x000007fefefbb000 	C:\Windows\system32\ADVAPI32.dll
0x000007fefec40000 - 0x000007fefecdf000 	C:\Windows\system32\msvcrt.dll
0x000007fefe520000 - 0x000007fefe53f000 	C:\Windows\SYSTEM32\sechost.dll
0x000007fefedb0000 - 0x000007fefeedd000 	C:\Windows\system32\RPCRT4.dll
0x0000000076ea0000 - 0x0000000076f9a000 	C:\Windows\system32\USER32.dll
0x000007fefe4a0000 - 0x000007fefe507000 	C:\Windows\system32\GDI32.dll
0x000007fefefc0000 - 0x000007fefefce000 	C:\Windows\system32\LPK.dll
0x000007fefe540000 - 0x000007fefe60a000 	C:\Windows\system32\USP10.dll
0x000007fefb020000 - 0x000007fefb214000 	C:\Windows\WinSxS\amd64_microsoft.windows.common-controls_6595b64144ccf1df_6.0.7601.18837_none_fa3b1e3d17594757\COMCTL32.dll
0x000007fefd4b0000 - 0x000007fefd521000 	C:\Windows\system32\SHLWAPI.dll
0x000007fefefd0000 - 0x000007fefeffe000 	C:\Windows\system32\IMM32.DLL
0x000007fefe780000 - 0x000007fefe889000 	C:\Windows\system32\MSCTF.dll
0x000000006ce90000 - 0x000000006cf62000 	C:\Program Files\Java\jdk1.8.0_65\jre\bin\msvcr100.dll
0x000000005e230000 - 0x000000005eab9000 	C:\Program Files\Java\jdk1.8.0_65\jre\bin\server\jvm.dll
0x000007fef5e60000 - 0x000007fef5e69000 	C:\Windows\system32\WSOCK32.dll
0x000007fefed60000 - 0x000007fefedad000 	C:\Windows\system32\WS2_32.dll
0x000007fefe510000 - 0x000007fefe518000 	C:\Windows\system32\NSI.dll
0x000007fefa9f0000 - 0x000007fefaa2b000 	C:\Windows\system32\WINMM.dll
0x000007fefbae0000 - 0x000007fefbaec000 	C:\Windows\system32\VERSION.dll
0x0000000077160000 - 0x0000000077167000 	C:\Windows\system32\PSAPI.DLL
0x000000006de10000 - 0x000000006de1f000 	C:\Program Files\Java\jdk1.8.0_65\jre\bin\verify.dll
0x000000005dfb0000 - 0x000000005dfd9000 	C:\Program Files\Java\jdk1.8.0_65\jre\bin\java.dll
0x000000005df90000 - 0x000000005dfa6000 	C:\Program Files\Java\jdk1.8.0_65\jre\bin\zip.dll
0x000007fefd710000 - 0x000007fefe49c000 	C:\Windows\system32\SHELL32.dll
0x000007feff000000 - 0x000007feff203000 	C:\Windows\system32\ole32.dll
0x000007fefcdf0000 - 0x000007fefcdff000 	C:\Windows\system32\profapi.dll
0x000000005d350000 - 0x000000005d36a000 	C:\Program Files\Java\jdk1.8.0_65\jre\bin\net.dll
0x000007fefc250000 - 0x000007fefc2a5000 	C:\Windows\system32\mswsock.dll
0x000007fefc920000 - 0x000007fefc927000 	C:\Windows\System32\wship6.dll
0x000000005d330000 - 0x000000005d341000 	C:\Program Files\Java\jdk1.8.0_65\jre\bin\nio.dll
0x000007fef9d90000 - 0x000007fef9da2000 	C:\Users\Ivan_Grinenko\.gradle\native\19\windows-amd64\native-platform.dll
0x000007fef9610000 - 0x000007fef9637000 	C:\Windows\system32\IPHLPAPI.DLL
0x000007fef95c0000 - 0x000007fef95cb000 	C:\Windows\system32\WINNSI.DLL
0x000007fef9510000 - 0x000007fef9521000 	C:\Windows\system32\dhcpcsvc6.DLL
0x000007fef92e0000 - 0x000007fef92f8000 	C:\Windows\system32\dhcpcsvc.DLL
0x000007fefc2b0000 - 0x000007fefc2c8000 	C:\Windows\system32\CRYPTSP.dll
0x0000000074af0000 - 0x0000000074b01000 	C:\Program Files\Common Files\Crypto Pro\AppCompat\cpadvai.dll
0x000007fefce40000 - 0x000007fefcfad000 	C:\Windows\system32\CRYPT32.dll
0x000007fefcde0000 - 0x000007fefcdef000 	C:\Windows\system32\MSASN1.dll
0x0000000074b20000 - 0x0000000074b40000 	C:\Program Files\Common Files\Crypto Pro\AppCompat\cpcrypt.dll
0x0000000074b10000 - 0x0000000074b17000 	C:\Program Files\Common Files\Crypto Pro\AppCompat\detoured.dll
0x000007fefc020000 - 0x000007fefc067000 	C:\Windows\system32\rsaenh.dll
0x000007fefcfd0000 - 0x000007fefcfee000 	C:\Windows\system32\USERENV.dll
0x000007fefcc40000 - 0x000007fefcc4f000 	C:\Windows\system32\CRYPTBASE.dll
0x000007fefcbe0000 - 0x000007fefcc37000 	C:\Windows\system32\apphelp.dll
0x000000006e9a0000 - 0x000000006e9ad000 	C:\Program Files\Java\jdk1.8.0_65\jre\bin\management.dll
0x000000006cf70000 - 0x000000006cf94000 	C:\Program Files\Java\jdk1.8.0_65\jre\bin\sunec.dll
0x000007fefbbb0000 - 0x000007fefbbb7000 	C:\Windows\System32\wshtcpip.dll
0x000007fefc0e0000 - 0x000007fefc13b000 	C:\Windows\system32\DNSAPI.dll
0x000007fef3c30000 - 0x000007fef3c5f000 	C:\Program Files\Common Files\Microsoft Shared\Windows Live\WLIDNSP.DLL
0x0000000070700000 - 0x0000000070726000 	C:\Program Files\Bonjour\mdnsNSP.dll
0x000007fef3c20000 - 0x000007fef3c28000 	C:\Windows\system32\rasadhlp.dll
0x000007fef9220000 - 0x000007fef9273000 	C:\Windows\System32\fwpuclnt.dll
0x000007fefa840000 - 0x000007fefa855000 	C:\Windows\system32\NLAapi.dll
0x000007feef960000 - 0x000007feef975000 	C:\Windows\system32\napinsp.dll
0x000007feef940000 - 0x000007feef959000 	C:\Windows\system32\pnrpnsp.dll
0x000007feef930000 - 0x000007feef93b000 	C:\Windows\System32\winrnr.dll
0x000007feef920000 - 0x000007feef930000 	C:\Windows\system32\wshbth.dll

VM Arguments:
jvm_args: -XX:MaxPermSize=256m -XX:+HeapDumpOnOutOfMemoryError -Xmx1024m -Dfile.encoding=windows-1251 -Duser.country=RU -Duser.language=ru -Duser.variant 
java_command: org.gradle.launcher.daemon.bootstrap.GradleDaemon 2.4 C:\Users\Ivan_Grinenko\.gradle C:\Users\Ivan_Grinenko\.gradle\daemon 10800000 8d1be5fd-44b5-4632-807d-10b40578d5c0 -XX:MaxPermSize=256m -XX:+HeapDumpOnOutOfMemoryError -Xmx1024m -Dfile.encoding=windows-1251 -Duser.country=RU -Duser.language=ru -Duser.variant
java_class_path (initial): C:\Program Files\Android\Android Studio\gradle\gradle-2.4\lib\gradle-launcher-2.4.jar
Launcher Type: SUN_STANDARD

Environment Variables:
PATH=C:\Program Files\Common Files\Microsoft Shared\Microsoft Online Services;C:\Program Files (x86)\Common Files\Microsoft Shared\Microsoft Online Services;C:\Program Files\Java\jdk1.8.0_65\bin;C:\Android\tools;C:\Program Files\Java\jdk1.8.0_65\bin;C:\ProgramData\Oracle\Java\javapath;C:\Program Files\Common Files\Microsoft Shared\Windows Live;C:\Program Files (x86)\Common Files\Microsoft Shared\Windows Live;C:\Program Files (x86)\PC Connectivity Solution\;C:\Windows\SYSTEM32;C:\Windows;C:\Windows\SYSTEM32\WBEM;C:\Windows\SYSTEM32\WINDOWSPOWERSHELL\V1.0\;C:\PROGRAM FILES (X86)\INTEL\OPENCL SDK\2.0\BIN\X86;C:\PROGRAM FILES (X86)\INTEL\OPENCL SDK\2.0\BIN\X64;C:\PROGRAM FILES\INTEL\WIFI\BIN\;C:\PROGRAM FILES\COMMON FILES\INTEL\WIRELESSCOMMON\;C:\PROGRAM FILES (X86)\MICROSOFT SQL SERVER\100\TOOLS\BINN\;C:\PROGRAM FILES\MICROSOFT SQL SERVER\100\TOOLS\BINN\;C:\PROGRAM FILES (X86)\MICROSOFT SQL SERVER\100\TOOLS\BINN\VSSHELL\COMMON7\IDE\;C:\PROGRAM FILES (X86)\MICROSOFT SQL SERVER\100\DTS\BINN\;C:\PROGRAM FILES (X86)\MICROSOFT SQL SERVER\110\TOOLS\BINN\;C:\PROGRAM FILES\MICROSOFT SQL SERVER\110\TOOLS\BINN\;C:\PROGRAM FILES\MICROSOFT SQL SERVER\110\DTS\BINN\;C:\PROGRAM FILES (X86)\MICROSOFT SQL SERVER\110\TOOLS\BINN\MANAGEMENTSTUDIO\;C:\PROGRAM FILES (X86)\MICROSOFT SQL SERVER\110\DTS\BINN\;C:\Program Files (x86)\ICW\bin;C:\Program Files (x86)\Windows Live\Shared;C:\Program Files (x86)\Skype\Phone\
USERNAME=ivan_grinenko
OS=Windows_NT
PROCESSOR_IDENTIFIER=Intel64 Family 6 Model 58 Stepping 9, GenuineIntel



---------------  S Y S T E M  ---------------

OS: Windows 7 , 64 bit Build 7601 (6.1.7601.23455)

CPU:total 4 (2 cores per cpu, 2 threads per core) family 6 model 58 stepping 9, cmov, cx8, fxsr, mmx, sse, sse2, sse3, ssse3, sse4.1, sse4.2, popcnt, avx, aes, clmul, erms, ht, tsc, tscinvbit, tscinv

Memory: 4k page, physical 3760148k(295932k free), swap 5708052k(5336k free)

vm_info: Java HotSpot(TM) 64-Bit Server VM (25.65-b01) for windows-amd64 JRE (1.8.0_65-b17), built on Oct  6 2015 16:39:20 by "java_re" with MS VC++ 10.0 (VS2010)

time: Sat Aug 13 12:06:50 2016
elapsed time: 1074 seconds (0d 0h 17m 54s)

