#
# There is insufficient memory for the Java Runtime Environment to continue.
# Native memory allocation (malloc) failed to allocate 1679696 bytes for Chunk::new
# Possible reasons:
#   The system is out of physical RAM or swap space
#   In 32 bit mode, the process size limit was hit
# Possible solutions:
#   Reduce memory load on the system
#   Increase physical memory or swap space
#   Check if swap backing store is full
#   Use 64 bit Java on a 64 bit OS
#   Decrease Java heap size (-Xmx/-Xms)
#   Decrease number of Java threads
#   Decrease Java thread stack sizes (-Xss)
#   Set larger code cache with -XX:ReservedCodeCacheSize=
# This output file may be truncated or incomplete.
#
#  Out of Memory Error (allocation.cpp:390), pid=2864, tid=10116
#
# JRE version: Java(TM) SE Runtime Environment (8.0_65-b17) (build 1.8.0_65-b17)
# Java VM: Java HotSpot(TM) 64-Bit Server VM (25.65-b01 mixed mode windows-amd64 compressed oops)
# Failed to write core dump. Minidumps are not enabled by default on client versions of Windows
#

---------------  T H R E A D  ---------------

Current thread (0x0000000056097000):  JavaThread "C2 CompilerThread0" daemon [_thread_in_native, id=10116, stack(0x0000000056870000,0x0000000056970000)]

Stack: [0x0000000056870000,0x0000000056970000]
[error occurred during error reporting (printing stack bounds), id 0xc0000005]

Native frames: (J=compiled Java code, j=interpreted, Vv=VM code, C=native code)


Current CompileTask:
C2:   4644 2599       4       com.android.dx.merge.DexMerger::transformMethods (126 bytes)


---------------  P R O C E S S  ---------------

Java Threads: ( => current thread )
  0x000000005611a000 JavaThread "Service Thread" daemon [_thread_blocked, id=9636, stack(0x0000000056d90000,0x0000000056e90000)]
  0x0000000054d77000 JavaThread "C1 CompilerThread2" daemon [_thread_blocked, id=3212, stack(0x0000000056bd0000,0x0000000056cd0000)]
  0x000000005609c800 JavaThread "C2 CompilerThread1" daemon [_thread_in_native, id=9788, stack(0x00000000569e0000,0x0000000056ae0000)]
=>0x0000000056097000 JavaThread "C2 CompilerThread0" daemon [_thread_in_native, id=10116, stack(0x0000000056870000,0x0000000056970000)]
  0x0000000054d75800 JavaThread "Attach Listener" daemon [_thread_blocked, id=7780, stack(0x00000000566b0000,0x00000000567b0000)]
  0x0000000054d74000 JavaThread "Signal Dispatcher" daemon [_thread_blocked, id=5392, stack(0x00000000564f0000,0x00000000565f0000)]
  0x0000000054d19800 JavaThread "Finalizer" daemon [_thread_blocked, id=3784, stack(0x0000000055ec0000,0x0000000055fc0000)]
  0x0000000054d12800 JavaThread "Reference Handler" daemon [_thread_blocked, id=1624, stack(0x0000000055db0000,0x0000000055eb0000)]
  0x0000000001daa000 JavaThread "main" [_thread_in_Java, id=8672, stack(0x0000000002150000,0x0000000002250000)]

Other Threads:
  0x0000000054d0d000 VMThread [stack: 0x0000000055cb0000,0x0000000055db0000] [id=6336]
  0x0000000056141800 WatcherThread [stack: 0x0000000056ef0000,0x0000000056ff0000] [id=9816]

VM state:not at safepoint (normal execution)

VM Mutex/Monitor currently owned by a thread: None

Heap:
 PSYoungGen      total 38400K, used 17068K [0x00000000eab00000, 0x00000000ed800000, 0x0000000100000000)
  eden space 30720K, 37% used [0x00000000eab00000,0x00000000eb64ca80,0x00000000ec900000)
  from space 7680K, 71% used [0x00000000ed080000,0x00000000ed5de840,0x00000000ed800000)
  to   space 7680K, 0% used [0x00000000ec900000,0x00000000ec900000,0x00000000ed080000)
 ParOldGen       total 39936K, used 23805K [0x00000000c0000000, 0x00000000c2700000, 0x00000000eab00000)
  object space 39936K, 59% used [0x00000000c0000000,0x00000000c173f660,0x00000000c2700000)
 Metaspace       used 8120K, capacity 8248K, committed 8320K, reserved 1056768K
  class space    used 794K, capacity 851K, committed 896K, reserved 1048576K

Card table byte_map: [0x00000000118e0000,0x0000000011af0000] byte_map_base: 0x00000000112e0000

Marking Bits: (ParMarkBitMap*) 0x000000005ea3a5b0
 Begin Bits: [0x0000000012180000, 0x0000000013180000)
 End Bits:   [0x0000000013180000, 0x0000000014180000)

Polling page: 0x0000000000120000

CodeCache: size=245760Kb used=9161Kb max_used=9161Kb free=236599Kb
 bounds [0x0000000002520000, 0x0000000002e20000, 0x0000000011520000]
 total_blobs=2951 nmethods=2655 adapters=208
 compilation: enabled

Compilation events (10 events):
Event: 4.469 Thread 0x0000000054d77000 2675       2       com.android.dex.EncodedValueReader::readLong (23 bytes)
Event: 4.470 Thread 0x0000000054d77000 nmethod 2675 0x0000000002e19950 code [0x0000000002e19ac0, 0x0000000002e19c78]
Event: 4.511 Thread 0x0000000054d77000 2678       2       com.android.dx.io.instructions.InstructionCodec$17::decode (46 bytes)
Event: 4.512 Thread 0x0000000054d77000 nmethod 2678 0x0000000002e19d10 code [0x0000000002e19ea0, 0x0000000002e1a238]
Event: 4.512 Thread 0x0000000054d77000 2679       2       com.android.dx.io.instructions.InstructionCodec$17::encode (29 bytes)
Event: 4.513 Thread 0x0000000054d77000 nmethod 2679 0x0000000002e1a590 code [0x0000000002e1a740, 0x0000000002e1aa08]
Event: 4.532 Thread 0x0000000054d77000 2680       1       java.util.Formatter::access$300 (5 bytes)
Event: 4.532 Thread 0x0000000054d77000 nmethod 2680 0x0000000002e1acd0 code [0x0000000002e1ae20, 0x0000000002e1af10]
Event: 4.532 Thread 0x0000000054d77000 2681       2       java.lang.StringBuilder::length (5 bytes)
Event: 4.533 Thread 0x0000000054d77000 nmethod 2681 0x0000000002e1af90 code [0x0000000002e1b0e0, 0x0000000002e1b230]

GC Heap History (10 events):
Event: 4.141 GC heap before
{Heap before GC invocations=8 (full 0):
 PSYoungGen      total 38400K, used 36826K [0x00000000eab00000, 0x00000000ed800000, 0x0000000100000000)
  eden space 30720K, 100% used [0x00000000eab00000,0x00000000ec900000,0x00000000ec900000)
  from space 7680K, 79% used [0x00000000ec900000,0x00000000ecef68d8,0x00000000ed080000)
  to   space 7680K, 0% used [0x00000000ed080000,0x00000000ed080000,0x00000000ed800000)
 ParOldGen       total 39936K, used 19779K [0x00000000c0000000, 0x00000000c2700000, 0x00000000eab00000)
  object space 39936K, 49% used [0x00000000c0000000,0x00000000c1350d20,0x00000000c2700000)
 Metaspace       used 8020K, capacity 8130K, committed 8320K, reserved 1056768K
  class space    used 785K, capacity 818K, committed 896K, reserved 1048576K
Event: 4.144 GC heap after
Heap after GC invocations=8 (full 0):
 PSYoungGen      total 38400K, used 2835K [0x00000000eab00000, 0x00000000ed800000, 0x0000000100000000)
  eden space 30720K, 0% used [0x00000000eab00000,0x00000000eab00000,0x00000000ec900000)
  from space 7680K, 36% used [0x00000000ed080000,0x00000000ed344cb8,0x00000000ed800000)
  to   space 7680K, 0% used [0x00000000ec900000,0x00000000ec900000,0x00000000ed080000)
 ParOldGen       total 39936K, used 20091K [0x00000000c0000000, 0x00000000c2700000, 0x00000000eab00000)
  object space 39936K, 50% used [0x00000000c0000000,0x00000000c139ed30,0x00000000c2700000)
 Metaspace       used 8020K, capacity 8130K, committed 8320K, reserved 1056768K
  class space    used 785K, capacity 818K, committed 896K, reserved 1048576K
}
Event: 4.241 GC heap before
{Heap before GC invocations=9 (full 0):
 PSYoungGen      total 38400K, used 33555K [0x00000000eab00000, 0x00000000ed800000, 0x0000000100000000)
  eden space 30720K, 100% used [0x00000000eab00000,0x00000000ec900000,0x00000000ec900000)
  from space 7680K, 36% used [0x00000000ed080000,0x00000000ed344cb8,0x00000000ed800000)
  to   space 7680K, 0% used [0x00000000ec900000,0x00000000ec900000,0x00000000ed080000)
 ParOldGen       total 39936K, used 20091K [0x00000000c0000000, 0x00000000c2700000, 0x00000000eab00000)
  object space 39936K, 50% used [0x00000000c0000000,0x00000000c139ed30,0x00000000c2700000)
 Metaspace       used 8108K, capacity 8248K, committed 8320K, reserved 1056768K
  class space    used 794K, capacity 851K, committed 896K, reserved 1048576K
Event: 4.255 GC heap after
Heap after GC invocations=9 (full 0):
 PSYoungGen      total 38400K, used 3594K [0x00000000eab00000, 0x00000000ed800000, 0x0000000100000000)
  eden space 30720K, 0% used [0x00000000eab00000,0x00000000eab00000,0x00000000ec900000)
  from space 7680K, 46% used [0x00000000ec900000,0x00000000ecc82a80,0x00000000ed080000)
  to   space 7680K, 0% used [0x00000000ed080000,0x00000000ed080000,0x00000000ed800000)
 ParOldGen       total 39936K, used 20901K [0x00000000c0000000, 0x00000000c2700000, 0x00000000eab00000)
  object space 39936K, 52% used [0x00000000c0000000,0x00000000c1469580,0x00000000c2700000)
 Metaspace       used 8108K, capacity 8248K, committed 8320K, reserved 1056768K
  class space    used 794K, capacity 851K, committed 896K, reserved 1048576K
}
Event: 4.342 GC heap before
{Heap before GC invocations=10 (full 0):
 PSYoungGen      total 38400K, used 34314K [0x00000000eab00000, 0x00000000ed800000, 0x0000000100000000)
  eden space 30720K, 100% used [0x00000000eab00000,0x00000000ec900000,0x00000000ec900000)
  from space 7680K, 46% used [0x00000000ec900000,0x00000000ecc82a80,0x00000000ed080000)
  to   space 7680K, 0% used [0x00000000ed080000,0x00000000ed080000,0x00000000ed800000)
 ParOldGen       total 39936K, used 20901K [0x00000000c0000000, 0x00000000c2700000, 0x00000000eab00000)
  object space 39936K, 52% used [0x00000000c0000000,0x00000000c1469580,0x00000000c2700000)
 Metaspace       used 8116K, capacity 8248K, committed 8320K, reserved 1056768K
  class space    used 794K, capacity 851K, committed 896K, reserved 1048576K
Event: 4.356 GC heap after
Heap after GC invocations=10 (full 0):
 PSYoungGen      total 38400K, used 6553K [0x00000000eab00000, 0x00000000ed800000, 0x0000000100000000)
  eden space 30720K, 0% used [0x00000000eab00000,0x00000000eab00000,0x00000000ec900000)
  from space 7680K, 85% used [0x00000000ed080000,0x00000000ed6e6478,0x00000000ed800000)
  to   space 7680K, 0% used [0x00000000ec900000,0x00000000ec900000,0x00000000ed080000)
 ParOldGen       total 39936K, used 20909K [0x00000000c0000000, 0x00000000c2700000, 0x00000000eab00000)
  object space 39936K, 52% used [0x00000000c0000000,0x00000000c146b580,0x00000000c2700000)
 Metaspace       used 8116K, capacity 8248K, committed 8320K, reserved 1056768K
  class space    used 794K, capacity 851K, committed 896K, reserved 1048576K
}
Event: 4.445 GC heap before
{Heap before GC invocations=11 (full 0):
 PSYoungGen      total 38400K, used 37273K [0x00000000eab00000, 0x00000000ed800000, 0x0000000100000000)
  eden space 30720K, 100% used [0x00000000eab00000,0x00000000ec900000,0x00000000ec900000)
  from space 7680K, 85% used [0x00000000ed080000,0x00000000ed6e6478,0x00000000ed800000)
  to   space 7680K, 0% used [0x00000000ec900000,0x00000000ec900000,0x00000000ed080000)
 ParOldGen       total 39936K, used 20909K [0x00000000c0000000, 0x00000000c2700000, 0x00000000eab00000)
  object space 39936K, 52% used [0x00000000c0000000,0x00000000c146b580,0x00000000c2700000)
 Metaspace       used 8118K, capacity 8248K, committed 8320K, reserved 1056768K
  class space    used 794K, capacity 851K, committed 896K, reserved 1048576K
Event: 4.458 GC heap after
Heap after GC invocations=11 (full 0):
 PSYoungGen      total 38400K, used 5800K [0x00000000eab00000, 0x00000000ed800000, 0x0000000100000000)
  eden space 30720K, 0% used [0x00000000eab00000,0x00000000eab00000,0x00000000ec900000)
  from space 7680K, 75% used [0x00000000ec900000,0x00000000eceaa230,0x00000000ed080000)
  to   space 7680K, 0% used [0x00000000ed080000,0x00000000ed080000,0x00000000ed800000)
 ParOldGen       total 39936K, used 20917K [0x00000000c0000000, 0x00000000c2700000, 0x00000000eab00000)
  object space 39936K, 52% used [0x00000000c0000000,0x00000000c146d580,0x00000000c2700000)
 Metaspace       used 8118K, capacity 8248K, committed 8320K, reserved 1056768K
  class space    used 794K, capacity 851K, committed 896K, reserved 1048576K
}
Event: 4.543 GC heap before
{Heap before GC invocations=12 (full 0):
 PSYoungGen      total 38400K, used 36520K [0x00000000eab00000, 0x00000000ed800000, 0x0000000100000000)
  eden space 30720K, 100% used [0x00000000eab00000,0x00000000ec900000,0x00000000ec900000)
  from space 7680K, 75% used [0x00000000ec900000,0x00000000eceaa230,0x00000000ed080000)
  to   space 7680K, 0% used [0x00000000ed080000,0x00000000ed080000,0x00000000ed800000)
 ParOldGen       total 39936K, used 20917K [0x00000000c0000000, 0x00000000c2700000, 0x00000000eab00000)
  object space 39936K, 52% used [0x00000000c0000000,0x00000000c146d580,0x00000000c2700000)
 Metaspace       used 8120K, capacity 8248K, committed 8320K, reserved 1056768K
  class space    used 794K, capacity 851K, committed 896K, reserved 1048576K
Event: 4.619 GC heap after
Heap after GC invocations=12 (full 0):
 PSYoungGen      total 38400K, used 5498K [0x00000000eab00000, 0x00000000ed800000, 0x0000000100000000)
  eden space 30720K, 0% used [0x00000000eab00000,0x00000000eab00000,0x00000000ec900000)
  from space 7680K, 71% used [0x00000000ed080000,0x00000000ed5de840,0x00000000ed800000)
  to   space 7680K, 0% used [0x00000000ec900000,0x00000000ec900000,0x00000000ed080000)
 ParOldGen       total 39936K, used 23805K [0x00000000c0000000, 0x00000000c2700000, 0x00000000eab00000)
  object space 39936K, 59% used [0x00000000c0000000,0x00000000c173f660,0x00000000c2700000)
 Metaspace       used 8120K, capacity 8248K, committed 8320K, reserved 1056768K
  class space    used 794K, capacity 851K, committed 896K, reserved 1048576K
}

Deoptimization events (10 events):
Event: 3.688 Thread 0x0000000001daa000 Uncommon trap: reason=class_check action=maybe_recompile pc=0x000000000296fb88 method=java.util.ArrayList.<init>(Ljava/util/Collection;)V @ 6
Event: 3.707 Thread 0x0000000001daa000 Uncommon trap: reason=class_check action=maybe_recompile pc=0x000000000296fb88 method=java.util.ArrayList.<init>(Ljava/util/Collection;)V @ 6
Event: 3.711 Thread 0x0000000001daa000 Uncommon trap: reason=unstable_if action=reinterpret pc=0x0000000002c78c50 method=com.android.dex.Mutf8.decode(Lcom/android/dex/util/ByteInput;[C)Ljava/lang/String; @ 37
Event: 3.711 Thread 0x0000000001daa000 Uncommon trap: reason=unstable_if action=reinterpret pc=0x0000000002c722d8 method=com.android.dex.Mutf8.encode([BILjava/lang/String;)V @ 31
Event: 3.720 Thread 0x0000000001daa000 Uncommon trap: reason=unstable_if action=reinterpret pc=0x0000000002c8102c method=com.android.dex.util.Unsigned.compare(II)I @ 26
Event: 3.725 Thread 0x0000000001daa000 Uncommon trap: reason=predicate action=maybe_recompile pc=0x0000000002ccb180 method=com.android.dex.Leb128.readUnsignedLeb128(Lcom/android/dex/util/ByteInput;)I @ 41
Event: 3.829 Thread 0x0000000001daa000 Uncommon trap: reason=unstable_if action=reinterpret pc=0x0000000002cef654 method=com.android.dex.FieldId.compareTo(Lcom/android/dex/FieldId;)I @ 8
Event: 3.832 Thread 0x0000000001daa000 Uncommon trap: reason=unstable_if action=reinterpret pc=0x0000000002c84a64 method=com.android.dex.FieldId.compareTo(Lcom/android/dex/FieldId;)I @ 8
Event: 3.924 Thread 0x0000000001daa000 Uncommon trap: reason=unstable_if action=reinterpret pc=0x0000000002d7fc80 method=java.util.HashMap$TreeNode.find(ILjava/lang/Object;Ljava/lang/Class;)Ljava/util/HashMap$TreeNode; @ 58
Event: 4.011 Thread 0x0000000001daa000 Uncommon trap: reason=unstable_if action=reinterpret pc=0x0000000002daa31c method=com.android.dex.EncodedValueCodec.readUnsignedInt(Lcom/android/dex/util/ByteInput;IZ)I @ 3

Internal exceptions (6 events):
Event: 0.098 Thread 0x0000000001daa000 Exception <a 'java/lang/NoSuchMethodError': Method sun.misc.Unsafe.defineClass(Ljava/lang/String;[BII)Ljava/lang/Class; name or signature does not match> (0x00000000eab12db0) thrown at [C:\workspace\8-2-build-windows-amd64-cygwin\jdk8u65\4987\hotspot\src\s√$M’0π?
Event: 0.098 Thread 0x0000000001daa000 Exception <a 'java/lang/NoSuchMethodError': Method sun.misc.Unsafe.prefetchRead(Ljava/lang/Object;J)V name or signature does not match> (0x00000000eab13098) thrown at [C:\workspace\8-2-build-windows-amd64-cygwin\jdk8u65\4987\hotspot\src\share\vm\prims\jni.ô”}@
Event: 3.686 Thread 0x0000000001daa000 Exception <a 'java/security/PrivilegedActionException'> (0x00000000eb608048) thrown at [C:\workspace\8-2-build-windows-amd64-cygwin\jdk8u65\4987\hotspot\src\share\vm\prims\jvm.cpp, line 1386]
Event: 3.686 Thread 0x0000000001daa000 Exception <a 'java/security/PrivilegedActionException'> (0x00000000eb608440) thrown at [C:\workspace\8-2-build-windows-amd64-cygwin\jdk8u65\4987\hotspot\src\share\vm\prims\jvm.cpp, line 1386]
Event: 3.687 Thread 0x0000000001daa000 Exception <a 'java/security/PrivilegedActionException'> (0x00000000eb60c658) thrown at [C:\workspace\8-2-build-windows-amd64-cygwin\jdk8u65\4987\hotspot\src\share\vm\prims\jvm.cpp, line 1386]
Event: 3.687 Thread 0x0000000001daa000 Exception <a 'java/security/PrivilegedActionException'> (0x00000000eb60ca50) thrown at [C:\workspace\8-2-build-windows-amd64-cygwin\jdk8u65\4987\hotspot\src\share\vm\prims\jvm.cpp, line 1386]

Events (10 events):
Event: 4.241 Executing VM operation: ParallelGCFailedAllocation
Event: 4.255 Executing VM operation: ParallelGCFailedAllocation done
Event: 4.341 Executing VM operation: ParallelGCFailedAllocation
Event: 4.356 Executing VM operation: ParallelGCFailedAllocation done
Event: 4.398 Thread 0x0000000001daa000 DEOPT PACKING pc=0x0000000002d65984 sp=0x000000000224f220
Event: 4.398 Thread 0x0000000001daa000 DEOPT UNPACKING pc=0x000000000256787f sp=0x000000000224ef18 mode 0
Event: 4.445 Executing VM operation: ParallelGCFailedAllocation
Event: 4.458 Executing VM operation: ParallelGCFailedAllocation done
Event: 4.542 Executing VM operation: ParallelGCFailedAllocation
Event: 4.619 Executing VM operation: ParallelGCFailedAllocation done


Dynamic libraries:
0x000000013f4d0000 - 0x000000013f507000 	C:\Program Files\Java\jdk1.8.0_65\bin\java.exe
0x0000000076fa0000 - 0x000000007714b000 	C:\Windows\SYSTEM32\ntdll.dll
0x0000000076d80000 - 0x0000000076e9f000 	C:\Windows\system32\kernel32.dll
0x000007fefd130000 - 0x000007fefd19a000 	C:\Windows\system32\KERNELBASE.dll
0x000007fefeee0000 - 0x000007fefefbb000 	C:\Windows\system32\ADVAPI32.dll
0x000007fefec40000 - 0x000007fefecdf000 	C:\Windows\system32\msvcrt.dll
0x000007fefe520000 - 0x000007fefe53f000 	C:\Windows\SYSTEM32\sechost.dll
0x000007fefedb0000 - 0x000007fefeedd000 	C:\Windows\system32\RPCRT4.dll
0x0000000076ea0000 - 0x0000000076f9a000 	C:\Windows\system32\USER32.dll
0x000007fefe4a0000 - 0x000007fefe507000 	C:\Windows\system32\GDI32.dll
0x000007fefefc0000 - 0x000007fefefce000 	C:\Windows\system32\LPK.dll
0x000007fefe540000 - 0x000007fefe60a000 	C:\Windows\system32\USP10.dll
0x000007fefb020000 - 0x000007fefb214000 	C:\Windows\WinSxS\amd64_microsoft.windows.common-controls_6595b64144ccf1df_6.0.7601.18837_none_fa3b1e3d17594757\COMCTL32.dll
0x000007fefd4b0000 - 0x000007fefd521000 	C:\Windows\system32\SHLWAPI.dll
0x000007fefefd0000 - 0x000007fefeffe000 	C:\Windows\system32\IMM32.DLL
0x000007fefe780000 - 0x000007fefe889000 	C:\Windows\system32\MSCTF.dll
0x000000006e190000 - 0x000000006e262000 	C:\Program Files\Java\jdk1.8.0_65\jre\bin\msvcr100.dll
0x000000005e230000 - 0x000000005eab9000 	C:\Program Files\Java\jdk1.8.0_65\jre\bin\server\jvm.dll
0x000007fef5e60000 - 0x000007fef5e69000 	C:\Windows\system32\WSOCK32.dll
0x000007fefed60000 - 0x000007fefedad000 	C:\Windows\system32\WS2_32.dll
0x000007fefe510000 - 0x000007fefe518000 	C:\Windows\system32\NSI.dll
0x000007fefa9f0000 - 0x000007fefaa2b000 	C:\Windows\system32\WINMM.dll
0x000007fefbae0000 - 0x000007fefbaec000 	C:\Windows\system32\VERSION.dll
0x0000000077160000 - 0x0000000077167000 	C:\Windows\system32\PSAPI.DLL
0x000000006de10000 - 0x000000006de1f000 	C:\Program Files\Java\jdk1.8.0_65\jre\bin\verify.dll
0x000000005dfb0000 - 0x000000005dfd9000 	C:\Program Files\Java\jdk1.8.0_65\jre\bin\java.dll
0x000000005df90000 - 0x000000005dfa6000 	C:\Program Files\Java\jdk1.8.0_65\jre\bin\zip.dll
0x000007fefd710000 - 0x000007fefe49c000 	C:\Windows\system32\SHELL32.dll
0x000007feff000000 - 0x000007feff203000 	C:\Windows\system32\ole32.dll
0x000007fefcdf0000 - 0x000007fefcdff000 	C:\Windows\system32\profapi.dll

VM Arguments:
jvm_args: -Xmx1024M -Dfile.encoding=windows-1251 -Duser.country=RU -Duser.language=ru -Duser.variant 
java_command: com.android.dx.command.Main --dex --num-threads=4 --output C:\Users\lyubov_kutergina\AndroidStudioProjects\Hello2\maps1\build\intermediates\dex\debug C:\Users\lyubov_kutergina\AndroidStudioProjects\Hello2\maps1\build\intermediates\classes\debug C:\Users\lyubov_kutergina\AndroidStudioProjects\Hello2\maps1\build\intermediates\pre-dexed\debug\support-annotations-23.1.1-5d5d977b570256acb6d3322deaa3c92029c5753a.jar C:\Users\lyubov_kutergina\AndroidStudioProjects\Hello2\maps1\build\intermediates\pre-dexed\debug\classes-8508ecf328aa8366f2c7369948d3ddd8e9008b5d.jar C:\Users\lyubov_kutergina\AndroidStudioProjects\Hello2\maps1\build\intermediates\pre-dexed\debug\internal_impl-22.2.0-3a9bba9d391453c8f75c80a667aa2310f102c0e8.jar C:\Users\lyubov_kutergina\AndroidStudioProjects\Hello2\maps1\build\intermediates\pre-dexed\debug\classes-d3ff8b9246700cb75390d22a4463f56378a4aa18.jar C:\Users\lyubov_kutergina\AndroidStudioProjects\Hello2\maps1\build\intermediates\pre-dexed\debug\classes-07b45adcf3063f474f5b93f992eb328421cb6d0f.jar C:\Users\lyubov_kutergina\AndroidStudioProjects\Hello2\maps1\build\intermediates\pre-dexed\debug\classes-8a3c9879f40ce3e718835b649d8b49cbdc4021c7.jar C:\Users\lyubov_kutergina\AndroidStudioProjects\Hello2\maps1\build\intermediates\pre-dexed\debug\classes-494f82f6fe10476804dc2f2477f9023e899aa412.jar C:\Users\lyubov_kutergina\AndroidStudioProjects\Hello2\maps1\build\intermediates\pre-dexed\debug\classes-8c19c2482f98b13362cee0c963713a55c0e126d3.jar C:\Users\lyubov_kutergina\AndroidStudioProjects\Hello2\maps1\build\intermediates\pre-dexed\debug\classes-6a641a74a1ebeb7abe9b333cf7fec177a996d14a.jar C:\Users\lyubov_kutergina\AndroidStudioProjects\Hello2\maps1\build\intermediates\pre-dexed\debug\classes-5c9a248b004d52eaa8b821aae7d74ba1f1582aae.jar C:\Users\lyubov_kutergina\AndroidStudioProjects\Hello2\maps1\build\intermediates\pre-dexed\debug\classes-d618565f1e76749e794c3866bbfa11b89300bfcb.jar C:\Users\lyubov_kutergina\AndroidStudioProjects\Hello2\ma
java_class_path (initial): C:\Android\build-tools\23.0.1\lib\dx.jar
Launcher Type: SUN_STANDARD

Environment Variables:
PATH=C:\Program Files\Common Files\Microsoft Shared\Microsoft Online Services;C:\Program Files (x86)\Common Files\Microsoft Shared\Microsoft Online Services;C:\Program Files\Java\jdk1.8.0_65\bin;C:\Android\tools;C:\Program Files\Java\jdk1.8.0_65\bin;C:\ProgramData\Oracle\Java\javapath;C:\Program Files\Common Files\Microsoft Shared\Windows Live;C:\Program Files (x86)\Common Files\Microsoft Shared\Windows Live;C:\Program Files (x86)\PC Connectivity Solution\;C:\Windows\SYSTEM32;C:\Windows;C:\Windows\SYSTEM32\WBEM;C:\Windows\SYSTEM32\WINDOWSPOWERSHELL\V1.0\;C:\PROGRAM FILES (X86)\INTEL\OPENCL SDK\2.0\BIN\X86;C:\PROGRAM FILES (X86)\INTEL\OPENCL SDK\2.0\BIN\X64;C:\PROGRAM FILES\INTEL\WIFI\BIN\;C:\PROGRAM FILES\COMMON FILES\INTEL\WIRELESSCOMMON\;C:\PROGRAM FILES (X86)\MICROSOFT SQL SERVER\100\TOOLS\BINN\;C:\PROGRAM FILES\MICROSOFT SQL SERVER\100\TOOLS\BINN\;C:\PROGRAM FILES (X86)\MICROSOFT SQL SERVER\100\TOOLS\BINN\VSSHELL\COMMON7\IDE\;C:\PROGRAM FILES (X86)\MICROSOFT SQL SERVER\100\DTS\BINN\;C:\PROGRAM FILES (X86)\MICROSOFT SQL SERVER\110\TOOLS\BINN\;C:\PROGRAM FILES\MICROSOFT SQL SERVER\110\TOOLS\BINN\;C:\PROGRAM FILES\MICROSOFT SQL SERVER\110\DTS\BINN\;C:\PROGRAM FILES (X86)\MICROSOFT SQL SERVER\110\TOOLS\BINN\MANAGEMENTSTUDIO\;C:\PROGRAM FILES (X86)\MICROSOFT SQL SERVER\110\DTS\BINN\;C:\Program Files (x86)\ICW\bin;C:\Program Files (x86)\Windows Live\Shared;C:\Program Files (x86)\Skype\Phone\
USERNAME=ivan_grinenko
OS=Windows_NT
PROCESSOR_IDENTIFIER=Intel64 Family 6 Model 58 Stepping 9, GenuineIntel



---------------  S Y S T E M  ---------------

OS: Windows 7 , 64 bit Build 7601 (6.1.7601.23455)

CPU:total 4 (2 cores per cpu, 2 threads per core) family 6 model 58 stepping 9, cmov, cx8, fxsr, mmx, sse, sse2, sse3, ssse3, sse4.1, sse4.2, popcnt, avx, aes, clmul, erms, ht, tsc, tscinvbit, tscinv

Memory: 4k page, physical 3760148k(596852k free), swap 5708052k(6520k free)

vm_info: Java HotSpot(TM) 64-Bit Server VM (25.65-b01) for windows-amd64 JRE (1.8.0_65-b17), built on Oct  6 2015 16:39:20 by "java_re" with MS VC++ 10.0 (VS2010)

time: Sat Aug 13 12:23:57 2016
elapsed time: 4 seconds (0d 0h 0m 4s)

