#
# There is insufficient memory for the Java Runtime Environment to continue.
# Native memory allocation (malloc) failed to allocate 1180496 bytes for Chunk::new
# Possible reasons:
#   The system is out of physical RAM or swap space
#   In 32 bit mode, the process size limit was hit
# Possible solutions:
#   Reduce memory load on the system
#   Increase physical memory or swap space
#   Check if swap backing store is full
#   Use 64 bit Java on a 64 bit OS
#   Decrease Java heap size (-Xmx/-Xms)
#   Decrease number of Java threads
#   Decrease Java thread stack sizes (-Xss)
#   Set larger code cache with -XX:ReservedCodeCacheSize=
# This output file may be truncated or incomplete.
#
#  Out of Memory Error (allocation.cpp:390), pid=2928, tid=9800
#
# JRE version: Java(TM) SE Runtime Environment (8.0_65-b17) (build 1.8.0_65-b17)
# Java VM: Java HotSpot(TM) 64-Bit Server VM (25.65-b01 mixed mode windows-amd64 compressed oops)
# Failed to write core dump. Minidumps are not enabled by default on client versions of Windows
#

---------------  T H R E A D  ---------------

Current thread (0x000000005611d000):  JavaThread "C2 CompilerThread1" daemon [_thread_in_native, id=9800, stack(0x0000000056b00000,0x0000000056c00000)]

Stack: [0x0000000056b00000,0x0000000056c00000]
[error occurred during error reporting (printing stack bounds), id 0xc0000005]

Native frames: (J=compiled Java code, j=interpreted, Vv=VM code, C=native code)


Current CompileTask:
C2:   4077 2617       4       com.android.dx.merge.DexMerger::transformCode (252 bytes)


---------------  P R O C E S S  ---------------

Java Threads: ( => current thread )
  0x0000000056186800 JavaThread "Service Thread" daemon [_thread_blocked, id=6688, stack(0x0000000056c90000,0x0000000056d90000)]
  0x0000000056122000 JavaThread "C1 CompilerThread2" daemon [_thread_blocked, id=4496, stack(0x0000000056650000,0x0000000056750000)]
=>0x000000005611d000 JavaThread "C2 CompilerThread1" daemon [_thread_in_native, id=9800, stack(0x0000000056b00000,0x0000000056c00000)]
  0x000000005610a000 JavaThread "C2 CompilerThread0" daemon [_thread_in_native, id=7564, stack(0x0000000056960000,0x0000000056a60000)]
  0x0000000056100800 JavaThread "Attach Listener" daemon [_thread_blocked, id=8756, stack(0x0000000056780000,0x0000000056880000)]
  0x0000000054e86000 JavaThread "Signal Dispatcher" daemon [_thread_blocked, id=3676, stack(0x0000000056500000,0x0000000056600000)]
  0x0000000054e29800 JavaThread "Finalizer" daemon [_thread_blocked, id=6548, stack(0x0000000056000000,0x0000000056100000)]
  0x0000000054e22800 JavaThread "Reference Handler" daemon [_thread_blocked, id=2896, stack(0x0000000055de0000,0x0000000055ee0000)]
  0x0000000001e0a000 JavaThread "main" [_thread_in_Java, id=4864, stack(0x0000000002190000,0x0000000002290000)]

Other Threads:
  0x0000000054e1d000 VMThread [stack: 0x0000000055cd0000,0x0000000055dd0000] [id=8928]
  0x00000000561ad000 WatcherThread [stack: 0x0000000056db0000,0x0000000056eb0000] [id=8996]

VM state:not at safepoint (normal execution)

VM Mutex/Monitor currently owned by a thread: None

Heap:
 PSYoungGen      total 38400K, used 31409K [0x00000000eab00000, 0x00000000ef700000, 0x0000000100000000)
  eden space 30208K, 93% used [0x00000000eab00000,0x00000000ec6aadf8,0x00000000ec880000)
  from space 8192K, 37% used [0x00000000ec880000,0x00000000ecb81830,0x00000000ed080000)
  to   space 8704K, 0% used [0x00000000eee80000,0x00000000eee80000,0x00000000ef700000)
 ParOldGen       total 39936K, used 22467K [0x00000000c0000000, 0x00000000c2700000, 0x00000000eab00000)
  object space 39936K, 56% used [0x00000000c0000000,0x00000000c15f0e08,0x00000000c2700000)
 Metaspace       used 8007K, capacity 8130K, committed 8320K, reserved 1056768K
  class space    used 785K, capacity 818K, committed 896K, reserved 1048576K

Card table byte_map: [0x0000000011920000,0x0000000011b30000] byte_map_base: 0x0000000011320000

Marking Bits: (ParMarkBitMap*) 0x000000005ea3a5b0
 Begin Bits: [0x0000000012290000, 0x0000000013290000)
 End Bits:   [0x0000000013290000, 0x0000000014290000)

Polling page: 0x0000000000210000

CodeCache: size=245760Kb used=9113Kb max_used=9113Kb free=236646Kb
 bounds [0x0000000002560000, 0x0000000002e60000, 0x0000000011560000]
 total_blobs=2947 nmethods=2653 adapters=206
 compilation: enabled

Compilation events (10 events):
Event: 4.053 Thread 0x0000000056122000 2657       3       com.android.dx.io.instructions.SparseSwitchPayloadDecodedInstruction::<init> (40 bytes)
Event: 4.053 Thread 0x0000000056122000 nmethod 2657 0x0000000002e43bd0 code [0x0000000002e43d60, 0x0000000002e44058]
Event: 4.053 Thread 0x0000000056122000 2659       3       java.util.regex.Pattern$Ctype::isSatisfiedBy (24 bytes)
Event: 4.054 Thread 0x0000000056122000 nmethod 2659 0x0000000002e43550 code [0x0000000002e436c0, 0x0000000002e43a50]
Event: 4.054 Thread 0x0000000056122000 2660       3       java.util.regex.ASCII::isType (15 bytes)
Event: 4.054 Thread 0x0000000056122000 nmethod 2660 0x0000000002e43050 code [0x0000000002e431c0, 0x0000000002e43430]
Event: 4.069 Thread 0x0000000056122000 2663       3       java.util.TimSort::mergeLo (659 bytes)
Event: 4.072 Thread 0x0000000056122000 nmethod 2663 0x0000000002e4dc90 code [0x0000000002e4dfc0, 0x0000000002e500d8]
Event: 4.072 Thread 0x0000000056122000 2664       3       java.util.TimSort::mergeCollapse (101 bytes)
Event: 4.072 Thread 0x0000000056122000 nmethod 2664 0x0000000002e427d0 code [0x0000000002e42960, 0x0000000002e42d78]

GC Heap History (10 events):
Event: 3.149 GC heap before
{Heap before GC invocations=3 (full 0):
 PSYoungGen      total 17408K, used 17334K [0x00000000eab00000, 0x00000000ebe00000, 0x0000000100000000)
  eden space 15360K, 99% used [0x00000000eab00000,0x00000000eb9eed98,0x00000000eba00000)
  from space 2048K, 99% used [0x00000000ebc00000,0x00000000ebdfeb30,0x00000000ebe00000)
  to   space 2048K, 0% used [0x00000000eba00000,0x00000000eba00000,0x00000000ebc00000)
 ParOldGen       total 39936K, used 6014K [0x00000000c0000000, 0x00000000c2700000, 0x00000000eab00000)
  object space 39936K, 15% used [0x00000000c0000000,0x00000000c05dfaa8,0x00000000c2700000)
 Metaspace       used 6035K, capacity 7024K, committed 7296K, reserved 1056768K
  class space    used 588K, capacity 616K, committed 640K, reserved 1048576K
Event: 3.155 GC heap after
Heap after GC invocations=3 (full 0):
 PSYoungGen      total 17408K, used 2040K [0x00000000eab00000, 0x00000000ebe00000, 0x0000000100000000)
  eden space 15360K, 0% used [0x00000000eab00000,0x00000000eab00000,0x00000000eba00000)
  from space 2048K, 99% used [0x00000000eba00000,0x00000000ebbfe1e0,0x00000000ebc00000)
  to   space 2048K, 0% used [0x00000000ebc00000,0x00000000ebc00000,0x00000000ebe00000)
 ParOldGen       total 39936K, used 10627K [0x00000000c0000000, 0x00000000c2700000, 0x00000000eab00000)
  object space 39936K, 26% used [0x00000000c0000000,0x00000000c0a60e50,0x00000000c2700000)
 Metaspace       used 6035K, capacity 7024K, committed 7296K, reserved 1056768K
  class space    used 588K, capacity 616K, committed 640K, reserved 1048576K
}
Event: 3.224 GC heap before
{Heap before GC invocations=4 (full 0):
 PSYoungGen      total 17408K, used 17248K [0x00000000eab00000, 0x00000000ebe00000, 0x0000000100000000)
  eden space 15360K, 99% used [0x00000000eab00000,0x00000000eb9da1d8,0x00000000eba00000)
  from space 2048K, 99% used [0x00000000eba00000,0x00000000ebbfe1e0,0x00000000ebc00000)
  to   space 2048K, 0% used [0x00000000ebc00000,0x00000000ebc00000,0x00000000ebe00000)
 ParOldGen       total 39936K, used 10627K [0x00000000c0000000, 0x00000000c2700000, 0x00000000eab00000)
  object space 39936K, 26% used [0x00000000c0000000,0x00000000c0a60e50,0x00000000c2700000)
 Metaspace       used 6049K, capacity 7024K, committed 7296K, reserved 1056768K
  class space    used 588K, capacity 616K, committed 640K, reserved 1048576K
Event: 3.229 GC heap after
Heap after GC invocations=4 (full 0):
 PSYoungGen      total 17408K, used 2021K [0x00000000eab00000, 0x00000000ecd00000, 0x0000000100000000)
  eden space 15360K, 0% used [0x00000000eab00000,0x00000000eab00000,0x00000000eba00000)
  from space 2048K, 98% used [0x00000000ebc00000,0x00000000ebdf9428,0x00000000ebe00000)
  to   space 2048K, 0% used [0x00000000eba00000,0x00000000eba00000,0x00000000ebc00000)
 ParOldGen       total 39936K, used 15232K [0x00000000c0000000, 0x00000000c2700000, 0x00000000eab00000)
  object space 39936K, 38% used [0x00000000c0000000,0x00000000c0ee00e8,0x00000000c2700000)
 Metaspace       used 6049K, capacity 7024K, committed 7296K, reserved 1056768K
  class space    used 588K, capacity 616K, committed 640K, reserved 1048576K
}
Event: 3.713 GC heap before
{Heap before GC invocations=5 (full 0):
 PSYoungGen      total 17408K, used 17381K [0x00000000eab00000, 0x00000000ecd00000, 0x0000000100000000)
  eden space 15360K, 100% used [0x00000000eab00000,0x00000000eba00000,0x00000000eba00000)
  from space 2048K, 98% used [0x00000000ebc00000,0x00000000ebdf9428,0x00000000ebe00000)
  to   space 2048K, 0% used [0x00000000eba00000,0x00000000eba00000,0x00000000ebc00000)
 ParOldGen       total 39936K, used 15232K [0x00000000c0000000, 0x00000000c2700000, 0x00000000eab00000)
  object space 39936K, 38% used [0x00000000c0000000,0x00000000c0ee00e8,0x00000000c2700000)
 Metaspace       used 7908K, capacity 8066K, committed 8320K, reserved 1056768K
  class space    used 784K, capacity 818K, committed 896K, reserved 1048576K
Event: 3.721 GC heap after
Heap after GC invocations=5 (full 0):
 PSYoungGen      total 17408K, used 2037K [0x00000000eab00000, 0x00000000ed800000, 0x0000000100000000)
  eden space 15360K, 0% used [0x00000000eab00000,0x00000000eab00000,0x00000000eba00000)
  from space 2048K, 99% used [0x00000000eba00000,0x00000000ebbfd578,0x00000000ebc00000)
  to   space 7680K, 0% used [0x00000000ed080000,0x00000000ed080000,0x00000000ed800000)
 ParOldGen       total 39936K, used 18903K [0x00000000c0000000, 0x00000000c2700000, 0x00000000eab00000)
  object space 39936K, 47% used [0x00000000c0000000,0x00000000c1275ff8,0x00000000c2700000)
 Metaspace       used 7908K, capacity 8066K, committed 8320K, reserved 1056768K
  class space    used 784K, capacity 818K, committed 896K, reserved 1048576K
}
Event: 3.816 GC heap before
{Heap before GC invocations=6 (full 0):
 PSYoungGen      total 17408K, used 17397K [0x00000000eab00000, 0x00000000ed800000, 0x0000000100000000)
  eden space 15360K, 100% used [0x00000000eab00000,0x00000000eba00000,0x00000000eba00000)
  from space 2048K, 99% used [0x00000000eba00000,0x00000000ebbfd578,0x00000000ebc00000)
  to   space 7680K, 0% used [0x00000000ed080000,0x00000000ed080000,0x00000000ed800000)
 ParOldGen       total 39936K, used 18903K [0x00000000c0000000, 0x00000000c2700000, 0x00000000eab00000)
  object space 39936K, 47% used [0x00000000c0000000,0x00000000c1275ff8,0x00000000c2700000)
 Metaspace       used 7959K, capacity 8066K, committed 8320K, reserved 1056768K
  class space    used 784K, capacity 818K, committed 896K, reserved 1048576K
Event: 3.824 GC heap after
Heap after GC invocations=6 (full 0):
 PSYoungGen      total 37888K, used 7541K [0x00000000eab00000, 0x00000000ed900000, 0x0000000100000000)
  eden space 30208K, 0% used [0x00000000eab00000,0x00000000eab00000,0x00000000ec880000)
  from space 7680K, 98% used [0x00000000ed080000,0x00000000ed7dd430,0x00000000ed800000)
  to   space 8192K, 0% used [0x00000000ec880000,0x00000000ec880000,0x00000000ed080000)
 ParOldGen       total 39936K, used 20912K [0x00000000c0000000, 0x00000000c2700000, 0x00000000eab00000)
  object space 39936K, 52% used [0x00000000c0000000,0x00000000c146c250,0x00000000c2700000)
 Metaspace       used 7959K, capacity 8066K, committed 8320K, reserved 1056768K
  class space    used 784K, capacity 818K, committed 896K, reserved 1048576K
}
Event: 3.968 GC heap before
{Heap before GC invocations=7 (full 0):
 PSYoungGen      total 37888K, used 37749K [0x00000000eab00000, 0x00000000ed900000, 0x0000000100000000)
  eden space 30208K, 100% used [0x00000000eab00000,0x00000000ec880000,0x00000000ec880000)
  from space 7680K, 98% used [0x00000000ed080000,0x00000000ed7dd430,0x00000000ed800000)
  to   space 8192K, 0% used [0x00000000ec880000,0x00000000ec880000,0x00000000ed080000)
 ParOldGen       total 39936K, used 20912K [0x00000000c0000000, 0x00000000c2700000, 0x00000000eab00000)
  object space 39936K, 52% used [0x00000000c0000000,0x00000000c146c250,0x00000000c2700000)
 Metaspace       used 7990K, capacity 8130K, committed 8320K, reserved 1056768K
  class space    used 785K, capacity 818K, committed 896K, reserved 1048576K
Event: 3.973 GC heap after
Heap after GC invocations=7 (full 0):
 PSYoungGen      total 38400K, used 3078K [0x00000000eab00000, 0x00000000ef700000, 0x0000000100000000)
  eden space 30208K, 0% used [0x00000000eab00000,0x00000000eab00000,0x00000000ec880000)
  from space 8192K, 37% used [0x00000000ec880000,0x00000000ecb81830,0x00000000ed080000)
  to   space 8704K, 0% used [0x00000000eee80000,0x00000000eee80000,0x00000000ef700000)
 ParOldGen       total 39936K, used 22467K [0x00000000c0000000, 0x00000000c2700000, 0x00000000eab00000)
  object space 39936K, 56% used [0x00000000c0000000,0x00000000c15f0e08,0x00000000c2700000)
 Metaspace       used 7990K, capacity 8130K, committed 8320K, reserved 1056768K
  class space    used 785K, capacity 818K, committed 896K, reserved 1048576K
}

Deoptimization events (10 events):
Event: 3.636 Thread 0x0000000001e0a000 Uncommon trap: reason=unstable_if action=reinterpret pc=0x0000000002c95d04 method=sun.misc.URLClassPath.getLoader(I)Lsun/misc/URLClassPath$Loader; @ 36
Event: 3.636 Thread 0x0000000001e0a000 Uncommon trap: reason=unstable_if action=reinterpret pc=0x00000000027366f4 method=sun.misc.MetaIndex.mayContain(Ljava/lang/String;)Z @ 13
Event: 3.638 Thread 0x0000000001e0a000 Uncommon trap: reason=class_check action=maybe_recompile pc=0x0000000002987948 method=java.util.ArrayList.<init>(Ljava/util/Collection;)V @ 6
Event: 3.654 Thread 0x0000000001e0a000 Uncommon trap: reason=class_check action=maybe_recompile pc=0x0000000002987948 method=java.util.ArrayList.<init>(Ljava/util/Collection;)V @ 6
Event: 3.657 Thread 0x0000000001e0a000 Uncommon trap: reason=unstable_if action=reinterpret pc=0x0000000002cc0c44 method=com.android.dex.Mutf8.decode(Lcom/android/dex/util/ByteInput;[C)Ljava/lang/String; @ 37
Event: 3.657 Thread 0x0000000001e0a000 Uncommon trap: reason=unstable_if action=reinterpret pc=0x0000000002cb7644 method=com.android.dex.Mutf8.countBytes(Ljava/lang/String;Z)J @ 35
Event: 3.670 Thread 0x0000000001e0a000 Uncommon trap: reason=predicate action=maybe_recompile pc=0x0000000002d0e900 method=com.android.dex.Leb128.readUnsignedLeb128(Lcom/android/dex/util/ByteInput;)I @ 41
Event: 3.779 Thread 0x0000000001e0a000 Uncommon trap: reason=unstable_if action=reinterpret pc=0x0000000002ccec94 method=com.android.dex.FieldId.compareTo(Lcom/android/dex/FieldId;)I @ 8
Event: 3.781 Thread 0x0000000001e0a000 Uncommon trap: reason=unstable_if action=reinterpret pc=0x0000000002cc7d24 method=com.android.dex.FieldId.compareTo(Lcom/android/dex/FieldId;)I @ 8
Event: 3.953 Thread 0x0000000001e0a000 Uncommon trap: reason=unstable_if action=reinterpret pc=0x0000000002ddfe90 method=com.android.dex.EncodedValueCodec.readUnsignedInt(Lcom/android/dex/util/ByteInput;IZ)I @ 3

Internal exceptions (6 events):
Event: 0.050 Thread 0x0000000001e0a000 Exception <a 'java/lang/NoSuchMethodError': Method sun.misc.Unsafe.defineClass(Ljava/lang/String;[BII)Ljava/lang/Class; name or signature does not match> (0x00000000eab130e0) thrown at [C:\workspace\8-2-build-windows-amd64-cygwin\jdk8u65\4987\hotspot\src\sÈ>³wš©?
Event: 0.050 Thread 0x0000000001e0a000 Exception <a 'java/lang/NoSuchMethodError': Method sun.misc.Unsafe.prefetchRead(Ljava/lang/Object;J)V name or signature does not match> (0x00000000eab133c8) thrown at [C:\workspace\8-2-build-windows-amd64-cygwin\jdk8u65\4987\hotspot\src\share\vm\prims\jni.{#räý@
Event: 3.636 Thread 0x0000000001e0a000 Exception <a 'java/security/PrivilegedActionException'> (0x00000000eb56bea0) thrown at [C:\workspace\8-2-build-windows-amd64-cygwin\jdk8u65\4987\hotspot\src\share\vm\prims\jvm.cpp, line 1386]
Event: 3.636 Thread 0x0000000001e0a000 Exception <a 'java/security/PrivilegedActionException'> (0x00000000eb56c298) thrown at [C:\workspace\8-2-build-windows-amd64-cygwin\jdk8u65\4987\hotspot\src\share\vm\prims\jvm.cpp, line 1386]
Event: 3.637 Thread 0x0000000001e0a000 Exception <a 'java/security/PrivilegedActionException'> (0x00000000eb5704b0) thrown at [C:\workspace\8-2-build-windows-amd64-cygwin\jdk8u65\4987\hotspot\src\share\vm\prims\jvm.cpp, line 1386]
Event: 3.637 Thread 0x0000000001e0a000 Exception <a 'java/security/PrivilegedActionException'> (0x00000000eb5708a8) thrown at [C:\workspace\8-2-build-windows-amd64-cygwin\jdk8u65\4987\hotspot\src\share\vm\prims\jvm.cpp, line 1386]

Events (10 events):
Event: 3.929 Thread 0x0000000001e0a000 DEOPT UNPACKING pc=0x00000000025a787f sp=0x000000000228ec30 mode 0
Event: 3.937 Thread 0x0000000001e0a000 DEOPT PACKING pc=0x0000000002d970fd sp=0x000000000228f060
Event: 3.937 Thread 0x0000000001e0a000 DEOPT UNPACKING pc=0x00000000025a787f sp=0x000000000228ed80 mode 0
Event: 3.941 Thread 0x0000000001e0a000 DEOPT PACKING pc=0x0000000002d970fd sp=0x000000000228f060
Event: 3.941 Thread 0x0000000001e0a000 DEOPT UNPACKING pc=0x00000000025a787f sp=0x000000000228ed80 mode 0
Event: 3.953 Thread 0x0000000001e0a000 Uncommon trap: trap_request=0xffffff65 fr.pc=0x0000000002ddfe90
Event: 3.953 Thread 0x0000000001e0a000 DEOPT PACKING pc=0x0000000002ddfe90 sp=0x000000000228efc0
Event: 3.953 Thread 0x0000000001e0a000 DEOPT UNPACKING pc=0x00000000025a582a sp=0x000000000228ef78 mode 2
Event: 3.968 Executing VM operation: ParallelGCFailedAllocation
Event: 3.973 Executing VM operation: ParallelGCFailedAllocation done


Dynamic libraries:
0x000000013f4d0000 - 0x000000013f507000 	C:\Program Files\Java\jdk1.8.0_65\bin\java.exe
0x0000000076fa0000 - 0x000000007714b000 	C:\Windows\SYSTEM32\ntdll.dll
0x0000000076d80000 - 0x0000000076e9f000 	C:\Windows\system32\kernel32.dll
0x000007fefd130000 - 0x000007fefd19a000 	C:\Windows\system32\KERNELBASE.dll
0x000007fefeee0000 - 0x000007fefefbb000 	C:\Windows\system32\ADVAPI32.dll
0x000007fefec40000 - 0x000007fefecdf000 	C:\Windows\system32\msvcrt.dll
0x000007fefe520000 - 0x000007fefe53f000 	C:\Windows\SYSTEM32\sechost.dll
0x000007fefedb0000 - 0x000007fefeedd000 	C:\Windows\system32\RPCRT4.dll
0x0000000076ea0000 - 0x0000000076f9a000 	C:\Windows\system32\USER32.dll
0x000007fefe4a0000 - 0x000007fefe507000 	C:\Windows\system32\GDI32.dll
0x000007fefefc0000 - 0x000007fefefce000 	C:\Windows\system32\LPK.dll
0x000007fefe540000 - 0x000007fefe60a000 	C:\Windows\system32\USP10.dll
0x000007fefb020000 - 0x000007fefb214000 	C:\Windows\WinSxS\amd64_microsoft.windows.common-controls_6595b64144ccf1df_6.0.7601.18837_none_fa3b1e3d17594757\COMCTL32.dll
0x000007fefd4b0000 - 0x000007fefd521000 	C:\Windows\system32\SHLWAPI.dll
0x000007fefefd0000 - 0x000007fefeffe000 	C:\Windows\system32\IMM32.DLL
0x000007fefe780000 - 0x000007fefe889000 	C:\Windows\system32\MSCTF.dll
0x000000006e190000 - 0x000000006e262000 	C:\Program Files\Java\jdk1.8.0_65\jre\bin\msvcr100.dll
0x000000005e230000 - 0x000000005eab9000 	C:\Program Files\Java\jdk1.8.0_65\jre\bin\server\jvm.dll
0x000007fef5e60000 - 0x000007fef5e69000 	C:\Windows\system32\WSOCK32.dll
0x000007fefed60000 - 0x000007fefedad000 	C:\Windows\system32\WS2_32.dll
0x000007fefe510000 - 0x000007fefe518000 	C:\Windows\system32\NSI.dll
0x000007fefa9f0000 - 0x000007fefaa2b000 	C:\Windows\system32\WINMM.dll
0x000007fefbae0000 - 0x000007fefbaec000 	C:\Windows\system32\VERSION.dll
0x0000000077160000 - 0x0000000077167000 	C:\Windows\system32\PSAPI.DLL
0x000000006de10000 - 0x000000006de1f000 	C:\Program Files\Java\jdk1.8.0_65\jre\bin\verify.dll
0x000000005dfb0000 - 0x000000005dfd9000 	C:\Program Files\Java\jdk1.8.0_65\jre\bin\java.dll
0x000000005df90000 - 0x000000005dfa6000 	C:\Program Files\Java\jdk1.8.0_65\jre\bin\zip.dll
0x000007fefd710000 - 0x000007fefe49c000 	C:\Windows\system32\SHELL32.dll
0x000007feff000000 - 0x000007feff203000 	C:\Windows\system32\ole32.dll
0x000007fefcdf0000 - 0x000007fefcdff000 	C:\Windows\system32\profapi.dll

VM Arguments:
jvm_args: -Xmx1024M -Dfile.encoding=windows-1251 -Duser.country=RU -Duser.language=ru -Duser.variant 
java_command: com.android.dx.command.Main --dex --num-threads=4 --output C:\Users\lyubov_kutergina\AndroidStudioProjects\Hello2\maps1\build\intermediates\dex\debug C:\Users\lyubov_kutergina\AndroidStudioProjects\Hello2\maps1\build\intermediates\classes\debug C:\Users\lyubov_kutergina\AndroidStudioProjects\Hello2\maps1\build\intermediates\pre-dexed\debug\support-annotations-23.1.1-5d5d977b570256acb6d3322deaa3c92029c5753a.jar C:\Users\lyubov_kutergina\AndroidStudioProjects\Hello2\maps1\build\intermediates\pre-dexed\debug\classes-8508ecf328aa8366f2c7369948d3ddd8e9008b5d.jar C:\Users\lyubov_kutergina\AndroidStudioProjects\Hello2\maps1\build\intermediates\pre-dexed\debug\internal_impl-22.2.0-3a9bba9d391453c8f75c80a667aa2310f102c0e8.jar C:\Users\lyubov_kutergina\AndroidStudioProjects\Hello2\maps1\build\intermediates\pre-dexed\debug\classes-d3ff8b9246700cb75390d22a4463f56378a4aa18.jar C:\Users\lyubov_kutergina\AndroidStudioProjects\Hello2\maps1\build\intermediates\pre-dexed\debug\classes-07b45adcf3063f474f5b93f992eb328421cb6d0f.jar C:\Users\lyubov_kutergina\AndroidStudioProjects\Hello2\maps1\build\intermediates\pre-dexed\debug\classes-8a3c9879f40ce3e718835b649d8b49cbdc4021c7.jar C:\Users\lyubov_kutergina\AndroidStudioProjects\Hello2\maps1\build\intermediates\pre-dexed\debug\classes-494f82f6fe10476804dc2f2477f9023e899aa412.jar C:\Users\lyubov_kutergina\AndroidStudioProjects\Hello2\maps1\build\intermediates\pre-dexed\debug\classes-8c19c2482f98b13362cee0c963713a55c0e126d3.jar C:\Users\lyubov_kutergina\AndroidStudioProjects\Hello2\maps1\build\intermediates\pre-dexed\debug\classes-6a641a74a1ebeb7abe9b333cf7fec177a996d14a.jar C:\Users\lyubov_kutergina\AndroidStudioProjects\Hello2\maps1\build\intermediates\pre-dexed\debug\classes-5c9a248b004d52eaa8b821aae7d74ba1f1582aae.jar C:\Users\lyubov_kutergina\AndroidStudioProjects\Hello2\maps1\build\intermediates\pre-dexed\debug\classes-d618565f1e76749e794c3866bbfa11b89300bfcb.jar C:\Users\lyubov_kutergina\AndroidStudioProjects\Hello2\ma
java_class_path (initial): C:\Android\build-tools\23.0.1\lib\dx.jar
Launcher Type: SUN_STANDARD

Environment Variables:
PATH=C:\Program Files\Common Files\Microsoft Shared\Microsoft Online Services;C:\Program Files (x86)\Common Files\Microsoft Shared\Microsoft Online Services;C:\Program Files\Java\jdk1.8.0_65\bin;C:\Android\tools;C:\Program Files\Java\jdk1.8.0_65\bin;C:\ProgramData\Oracle\Java\javapath;C:\Program Files\Common Files\Microsoft Shared\Windows Live;C:\Program Files (x86)\Common Files\Microsoft Shared\Windows Live;C:\Program Files (x86)\PC Connectivity Solution\;C:\Windows\SYSTEM32;C:\Windows;C:\Windows\SYSTEM32\WBEM;C:\Windows\SYSTEM32\WINDOWSPOWERSHELL\V1.0\;C:\PROGRAM FILES (X86)\INTEL\OPENCL SDK\2.0\BIN\X86;C:\PROGRAM FILES (X86)\INTEL\OPENCL SDK\2.0\BIN\X64;C:\PROGRAM FILES\INTEL\WIFI\BIN\;C:\PROGRAM FILES\COMMON FILES\INTEL\WIRELESSCOMMON\;C:\PROGRAM FILES (X86)\MICROSOFT SQL SERVER\100\TOOLS\BINN\;C:\PROGRAM FILES\MICROSOFT SQL SERVER\100\TOOLS\BINN\;C:\PROGRAM FILES (X86)\MICROSOFT SQL SERVER\100\TOOLS\BINN\VSSHELL\COMMON7\IDE\;C:\PROGRAM FILES (X86)\MICROSOFT SQL SERVER\100\DTS\BINN\;C:\PROGRAM FILES (X86)\MICROSOFT SQL SERVER\110\TOOLS\BINN\;C:\PROGRAM FILES\MICROSOFT SQL SERVER\110\TOOLS\BINN\;C:\PROGRAM FILES\MICROSOFT SQL SERVER\110\DTS\BINN\;C:\PROGRAM FILES (X86)\MICROSOFT SQL SERVER\110\TOOLS\BINN\MANAGEMENTSTUDIO\;C:\PROGRAM FILES (X86)\MICROSOFT SQL SERVER\110\DTS\BINN\;C:\Program Files (x86)\ICW\bin;C:\Program Files (x86)\Windows Live\Shared;C:\Program Files (x86)\Skype\Phone\
USERNAME=ivan_grinenko
OS=Windows_NT
PROCESSOR_IDENTIFIER=Intel64 Family 6 Model 58 Stepping 9, GenuineIntel



---------------  S Y S T E M  ---------------

OS: Windows 7 , 64 bit Build 7601 (6.1.7601.23455)

CPU:total 4 (2 cores per cpu, 2 threads per core) family 6 model 58 stepping 9, cmov, cx8, fxsr, mmx, sse, sse2, sse3, ssse3, sse4.1, sse4.2, popcnt, avx, aes, clmul, erms, ht, tsc, tscinvbit, tscinv

Memory: 4k page, physical 3760148k(615520k free), swap 5708052k(5812k free)

vm_info: Java HotSpot(TM) 64-Bit Server VM (25.65-b01) for windows-amd64 JRE (1.8.0_65-b17), built on Oct  6 2015 16:39:20 by "java_re" with MS VC++ 10.0 (VS2010)

time: Sat Aug 13 12:22:27 2016
elapsed time: 4 seconds (0d 0h 0m 4s)

