#
# There is insufficient memory for the Java Runtime Environment to continue.
# Native memory allocation (malloc) failed to allocate 1238256 bytes for Chunk::new
# Possible reasons:
#   The system is out of physical RAM or swap space
#   In 32 bit mode, the process size limit was hit
# Possible solutions:
#   Reduce memory load on the system
#   Increase physical memory or swap space
#   Check if swap backing store is full
#   Use 64 bit Java on a 64 bit OS
#   Decrease Java heap size (-Xmx/-Xms)
#   Decrease number of Java threads
#   Decrease Java thread stack sizes (-Xss)
#   Set larger code cache with -XX:ReservedCodeCacheSize=
# This output file may be truncated or incomplete.
#
#  Out of Memory Error (allocation.cpp:390), pid=3976, tid=2392
#
# JRE version: Java(TM) SE Runtime Environment (8.0_65-b17) (build 1.8.0_65-b17)
# Java VM: Java HotSpot(TM) 64-Bit Server VM (25.65-b01 mixed mode windows-amd64 compressed oops)
# Failed to write core dump. Minidumps are not enabled by default on client versions of Windows
#

---------------  T H R E A D  ---------------

Current thread (0x00000000562c7000):  JavaThread "C2 CompilerThread0" daemon [_thread_in_native, id=2392, stack(0x00000000569d0000,0x0000000056ad0000)]

Stack: [0x00000000569d0000,0x0000000056ad0000]
[error occurred during error reporting (printing stack bounds), id 0xc0000005]

Native frames: (J=compiled Java code, j=interpreted, Vv=VM code, C=native code)


Current CompileTask:
C2:   3301 1629       4       com.android.dx.dex.code.OutputFinisher::addConstants (93 bytes)


---------------  P R O C E S S  ---------------

Java Threads: ( => current thread )
  0x0000000056335800 JavaThread "Service Thread" daemon [_thread_blocked, id=5404, stack(0x0000000056e50000,0x0000000056f50000)]
  0x0000000054e36000 JavaThread "C1 CompilerThread2" daemon [_thread_blocked, id=10000, stack(0x0000000056b70000,0x0000000056c70000)]
  0x0000000054e35000 JavaThread "C2 CompilerThread1" daemon [_thread_in_native, id=1700, stack(0x00000000560a0000,0x00000000561a0000)]
=>0x00000000562c7000 JavaThread "C2 CompilerThread0" daemon [_thread_in_native, id=2392, stack(0x00000000569d0000,0x0000000056ad0000)]
  0x0000000054e34800 JavaThread "Attach Listener" daemon [_thread_blocked, id=9248, stack(0x0000000056880000,0x0000000056980000)]
  0x0000000054e33000 JavaThread "Signal Dispatcher" daemon [_thread_blocked, id=7272, stack(0x0000000056770000,0x0000000056870000)]
  0x0000000054dd9800 JavaThread "Finalizer" daemon [_thread_blocked, id=9908, stack(0x00000000561c0000,0x00000000562c0000)]
  0x0000000054dd2800 JavaThread "Reference Handler" daemon [_thread_blocked, id=4764, stack(0x0000000055fa0000,0x00000000560a0000)]
  0x0000000001e1a000 JavaThread "main" [_thread_in_Java, id=9132, stack(0x0000000001ef0000,0x0000000001ff0000)]

Other Threads:
  0x0000000054dcd000 VMThread [stack: 0x0000000055de0000,0x0000000055ee0000] [id=7788]
  0x0000000056344800 WatcherThread [stack: 0x0000000056cf0000,0x0000000056df0000] [id=10064]

VM state:not at safepoint (normal execution)

VM Mutex/Monitor currently owned by a thread: None

Heap:
 PSYoungGen      total 17408K, used 8695K [0x00000000eab00000, 0x00000000ecd00000, 0x0000000100000000)
  eden space 15360K, 43% used [0x00000000eab00000,0x00000000eb17ed30,0x00000000eba00000)
  from space 2048K, 99% used [0x00000000ebc00000,0x00000000ebdfeee0,0x00000000ebe00000)
  to   space 2048K, 0% used [0x00000000eba00000,0x00000000eba00000,0x00000000ebc00000)
 ParOldGen       total 39936K, used 15027K [0x00000000c0000000, 0x00000000c2700000, 0x00000000eab00000)
  object space 39936K, 37% used [0x00000000c0000000,0x00000000c0eacc78,0x00000000c2700000)
 Metaspace       used 6323K, capacity 7216K, committed 7296K, reserved 1056768K
  class space    used 611K, capacity 616K, committed 640K, reserved 1048576K

Card table byte_map: [0x00000000117b0000,0x00000000119c0000] byte_map_base: 0x00000000111b0000

Marking Bits: (ParMarkBitMap*) 0x000000005ea3a5b0
 Begin Bits: [0x0000000012240000, 0x0000000013240000)
 End Bits:   [0x0000000013240000, 0x0000000014240000)

Polling page: 0x0000000000310000

CodeCache: size=245760Kb used=6573Kb max_used=6573Kb free=239186Kb
 bounds [0x00000000023f0000, 0x0000000002a60000, 0x00000000113f0000]
 total_blobs=1985 nmethods=1713 adapters=183
 compilation: disabled (not enough contiguous free space left)

Compilation events (10 events):
Event: 3.266 Thread 0x0000000054e36000 1702       1       com.android.dx.dex.code.Dop::getNextOpcode (5 bytes)
Event: 3.266 Thread 0x0000000054e36000 nmethod 1702 0x0000000002a5f010 code [0x0000000002a5f160, 0x0000000002a5f270]
Event: 3.266 Thread 0x0000000054e36000 1733       2       com.android.dx.util.ByteArrayAnnotatedOutput::ensureCapacity (39 bytes)
Event: 3.266 Thread 0x0000000054e36000 nmethod 1733 0x0000000002a5f2d0 code [0x0000000002a5f440, 0x0000000002a5f708]
Event: 3.266 Thread 0x0000000054e36000 1729       1       com.android.dx.dex.code.PositionList$Entry::getAddress (5 bytes)
Event: 3.266 Thread 0x0000000054e36000 nmethod 1729 0x0000000002a5f810 code [0x0000000002a5f960, 0x0000000002a5fa70]
Event: 3.266 Thread 0x0000000054e36000 1730       1       com.android.dx.rop.code.SourcePosition::getLine (5 bytes)
Event: 3.266 Thread 0x0000000054e36000 nmethod 1730 0x0000000002a5fad0 code [0x0000000002a5fc20, 0x0000000002a5fd30]
Event: 3.266 Thread 0x0000000054e36000 1731       1       com.android.dx.dex.code.PositionList$Entry::getPosition (5 bytes)
Event: 3.268 Thread 0x0000000054e36000 


GC Heap History (8 events):
Event: 0.841 GC heap before
{Heap before GC invocations=1 (full 0):
 PSYoungGen      total 17408K, used 15360K [0x00000000eab00000, 0x00000000ebe00000, 0x0000000100000000)
  eden space 15360K, 100% used [0x00000000eab00000,0x00000000eba00000,0x00000000eba00000)
  from space 2048K, 0% used [0x00000000ebc00000,0x00000000ebc00000,0x00000000ebe00000)
  to   space 2048K, 0% used [0x00000000eba00000,0x00000000eba00000,0x00000000ebc00000)
 ParOldGen       total 39936K, used 0K [0x00000000c0000000, 0x00000000c2700000, 0x00000000eab00000)
  object space 39936K, 0% used [0x00000000c0000000,0x00000000c0000000,0x00000000c2700000)
 Metaspace       used 5474K, capacity 6704K, committed 6784K, reserved 1056768K
  class space    used 571K, capacity 616K, committed 640K, reserved 1048576K
Event: 0.846 GC heap after
Heap after GC invocations=1 (full 0):
 PSYoungGen      total 17408K, used 2023K [0x00000000eab00000, 0x00000000ebe00000, 0x0000000100000000)
  eden space 15360K, 0% used [0x00000000eab00000,0x00000000eab00000,0x00000000eba00000)
  from space 2048K, 98% used [0x00000000eba00000,0x00000000ebbf9d90,0x00000000ebc00000)
  to   space 2048K, 0% used [0x00000000ebc00000,0x00000000ebc00000,0x00000000ebe00000)
 ParOldGen       total 39936K, used 2321K [0x00000000c0000000, 0x00000000c2700000, 0x00000000eab00000)
  object space 39936K, 5% used [0x00000000c0000000,0x00000000c02446b8,0x00000000c2700000)
 Metaspace       used 5474K, capacity 6704K, committed 6784K, reserved 1056768K
  class space    used 571K, capacity 616K, committed 640K, reserved 1048576K
}
Event: 2.204 GC heap before
{Heap before GC invocations=2 (full 0):
 PSYoungGen      total 17408K, used 17383K [0x00000000eab00000, 0x00000000ebe00000, 0x0000000100000000)
  eden space 15360K, 100% used [0x00000000eab00000,0x00000000eba00000,0x00000000eba00000)
  from space 2048K, 98% used [0x00000000eba00000,0x00000000ebbf9d90,0x00000000ebc00000)
  to   space 2048K, 0% used [0x00000000ebc00000,0x00000000ebc00000,0x00000000ebe00000)
 ParOldGen       total 39936K, used 2321K [0x00000000c0000000, 0x00000000c2700000, 0x00000000eab00000)
  object space 39936K, 5% used [0x00000000c0000000,0x00000000c02446b8,0x00000000c2700000)
 Metaspace       used 5765K, capacity 6960K, committed 7040K, reserved 1056768K
  class space    used 573K, capacity 616K, committed 640K, reserved 1048576K
Event: 2.212 GC heap after
Heap after GC invocations=2 (full 0):
 PSYoungGen      total 17408K, used 2031K [0x00000000eab00000, 0x00000000ebe00000, 0x0000000100000000)
  eden space 15360K, 0% used [0x00000000eab00000,0x00000000eab00000,0x00000000eba00000)
  from space 2048K, 99% used [0x00000000ebc00000,0x00000000ebdfbc88,0x00000000ebe00000)
  to   space 2048K, 0% used [0x00000000eba00000,0x00000000eba00000,0x00000000ebc00000)
 ParOldGen       total 39936K, used 6017K [0x00000000c0000000, 0x00000000c2700000, 0x00000000eab00000)
  object space 39936K, 15% used [0x00000000c0000000,0x00000000c05e0578,0x00000000c2700000)
 Metaspace       used 5765K, capacity 6960K, committed 7040K, reserved 1056768K
  class space    used 573K, capacity 616K, committed 640K, reserved 1048576K
}
Event: 2.996 GC heap before
{Heap before GC invocations=3 (full 0):
 PSYoungGen      total 17408K, used 17168K [0x00000000eab00000, 0x00000000ebe00000, 0x0000000100000000)
  eden space 15360K, 98% used [0x00000000eab00000,0x00000000eb9c8510,0x00000000eba00000)
  from space 2048K, 99% used [0x00000000ebc00000,0x00000000ebdfbc88,0x00000000ebe00000)
  to   space 2048K, 0% used [0x00000000eba00000,0x00000000eba00000,0x00000000ebc00000)
 ParOldGen       total 39936K, used 6017K [0x00000000c0000000, 0x00000000c2700000, 0x00000000eab00000)
  object space 39936K, 15% used [0x00000000c0000000,0x00000000c05e0578,0x00000000c2700000)
 Metaspace       used 6019K, capacity 6960K, committed 7040K, reserved 1056768K
  class space    used 588K, capacity 616K, committed 640K, reserved 1048576K
Event: 3.006 GC heap after
Heap after GC invocations=3 (full 0):
 PSYoungGen      total 17408K, used 2043K [0x00000000eab00000, 0x00000000ebe00000, 0x0000000100000000)
  eden space 15360K, 0% used [0x00000000eab00000,0x00000000eab00000,0x00000000eba00000)
  from space 2048K, 99% used [0x00000000eba00000,0x00000000ebbfeee0,0x00000000ebc00000)
  to   space 2048K, 0% used [0x00000000ebc00000,0x00000000ebc00000,0x00000000ebe00000)
 ParOldGen       total 39936K, used 10450K [0x00000000c0000000, 0x00000000c2700000, 0x00000000eab00000)
  object space 39936K, 26% used [0x00000000c0000000,0x00000000c0a34ba0,0x00000000c2700000)
 Metaspace       used 6019K, capacity 6960K, committed 7040K, reserved 1056768K
  class space    used 588K, capacity 616K, committed 640K, reserved 1048576K
}
Event: 3.141 GC heap before
{Heap before GC invocations=4 (full 0):
 PSYoungGen      total 17408K, used 17030K [0x00000000eab00000, 0x00000000ebe00000, 0x0000000100000000)
  eden space 15360K, 97% used [0x00000000eab00000,0x00000000eb9a29a8,0x00000000eba00000)
  from space 2048K, 99% used [0x00000000eba00000,0x00000000ebbfeee0,0x00000000ebc00000)
  to   space 2048K, 0% used [0x00000000ebc00000,0x00000000ebc00000,0x00000000ebe00000)
 ParOldGen       total 39936K, used 10450K [0x00000000c0000000, 0x00000000c2700000, 0x00000000eab00000)
  object space 39936K, 26% used [0x00000000c0000000,0x00000000c0a34ba0,0x00000000c2700000)
 Metaspace       used 6038K, capacity 6960K, committed 7040K, reserved 1056768K
  class space    used 588K, capacity 616K, committed 640K, reserved 1048576K
Event: 3.152 GC heap after
Heap after GC invocations=4 (full 0):
 PSYoungGen      total 17408K, used 2043K [0x00000000eab00000, 0x00000000ecd00000, 0x0000000100000000)
  eden space 15360K, 0% used [0x00000000eab00000,0x00000000eab00000,0x00000000eba00000)
  from space 2048K, 99% used [0x00000000ebc00000,0x00000000ebdfeee0,0x00000000ebe00000)
  to   space 2048K, 0% used [0x00000000eba00000,0x00000000eba00000,0x00000000ebc00000)
 ParOldGen       total 39936K, used 15027K [0x00000000c0000000, 0x00000000c2700000, 0x00000000eab00000)
  object space 39936K, 37% used [0x00000000c0000000,0x00000000c0eacc78,0x00000000c2700000)
 Metaspace       used 6038K, capacity 6960K, committed 7040K, reserved 1056768K
  class space    used 588K, capacity 616K, committed 640K, reserved 1048576K
}

Deoptimization events (10 events):
Event: 3.168 Thread 0x0000000001e1a000 Uncommon trap: reason=bimorphic action=maybe_recompile pc=0x000000000268ee98 method=java.util.HashMap.getNode(ILjava/lang/Object;)Ljava/util/HashMap$Node; @ 126
Event: 3.168 Thread 0x0000000001e1a000 Uncommon trap: reason=bimorphic action=maybe_recompile pc=0x000000000268ee98 method=java.util.HashMap.getNode(ILjava/lang/Object;)Ljava/util/HashMap$Node; @ 126
Event: 3.168 Thread 0x0000000001e1a000 Uncommon trap: reason=bimorphic action=maybe_recompile pc=0x0000000002729e58 method=java.util.HashMap.getNode(ILjava/lang/Object;)Ljava/util/HashMap$Node; @ 126
Event: 3.185 Thread 0x0000000001e1a000 Uncommon trap: reason=class_check action=maybe_recompile pc=0x000000000278b36c method=java.util.HashMap.putVal(ILjava/lang/Object;Ljava/lang/Object;ZZ)Ljava/lang/Object; @ 203
Event: 3.185 Thread 0x0000000001e1a000 Uncommon trap: reason=class_check action=maybe_recompile pc=0x000000000278b36c method=java.util.HashMap.putVal(ILjava/lang/Object;Ljava/lang/Object;ZZ)Ljava/lang/Object; @ 203
Event: 3.185 Thread 0x0000000001e1a000 Uncommon trap: reason=class_check action=maybe_recompile pc=0x000000000278b36c method=java.util.HashMap.putVal(ILjava/lang/Object;Ljava/lang/Object;ZZ)Ljava/lang/Object; @ 203
Event: 3.185 Thread 0x0000000001e1a000 Uncommon trap: reason=class_check action=maybe_recompile pc=0x000000000278b36c method=java.util.HashMap.putVal(ILjava/lang/Object;Ljava/lang/Object;ZZ)Ljava/lang/Object; @ 203
Event: 3.185 Thread 0x0000000001e1a000 Uncommon trap: reason=class_check action=maybe_recompile pc=0x000000000278c474 method=java.util.HashMap.putVal(ILjava/lang/Object;Ljava/lang/Object;ZZ)Ljava/lang/Object; @ 203
Event: 3.194 Thread 0x0000000001e1a000 Uncommon trap: reason=unstable_if action=reinterpret pc=0x0000000002a37c20 method=java.util.HashMap.putVal(ILjava/lang/Object;Ljava/lang/Object;ZZ)Ljava/lang/Object; @ 94
Event: 3.235 Thread 0x0000000001e1a000 Uncommon trap: reason=unstable_if action=reinterpret pc=0x00000000025e43c8 method=java.util.TreeMap.put(Ljava/lang/Object;Ljava/lang/Object;)Ljava/lang/Object; @ 163

Internal exceptions (2 events):
Event: 0.098 Thread 0x0000000001e1a000 Exception <a 'java/lang/NoSuchMethodError': Method sun.misc.Unsafe.defineClass(Ljava/lang/String;[BII)Ljava/lang/Class; name or signature does not match> (0x00000000eab130e0) thrown at [C:\workspace\8-2-build-windows-amd64-cygwin\jdk8u65\4987\hotspot\src\s5Cˇù˘π?
Event: 0.098 Thread 0x0000000001e1a000 Exception <a 'java/lang/NoSuchMethodError': Method sun.misc.Unsafe.prefetchRead(Ljava/lang/Object;J)V name or signature does not match> (0x00000000eab133c8) thrown at [C:\workspace\8-2-build-windows-amd64-cygwin\jdk8u65\4987\hotspot\src\share\vm\prims\jni.

Events (10 events):
Event: 3.235 Thread 0x0000000001e1a000 DEOPT PACKING pc=0x00000000025e43c8 sp=0x0000000001feeec0
Event: 3.235 Thread 0x0000000001e1a000 DEOPT UNPACKING pc=0x000000000243582a sp=0x0000000001feee60 mode 2
Event: 3.263 loading class com/android/dx/dex/file/DebugInfoEncoder
Event: 3.263 loading class com/android/dx/dex/file/DebugInfoEncoder done
Event: 3.264 loading class com/android/dx/dex/file/DebugInfoEncoder$1
Event: 3.264 loading class com/android/dx/dex/file/DebugInfoEncoder$1 done
Event: 3.265 loading class com/android/dx/dex/file/DebugInfoEncoder$2
Event: 3.265 loading class com/android/dx/dex/file/DebugInfoEncoder$2 done
Event: 3.272 loading class com/android/dex/EncodedValueCodec
Event: 3.272 loading class com/android/dex/EncodedValueCodec done


Dynamic libraries:
0x000000013f4d0000 - 0x000000013f507000 	C:\Program Files\Java\jdk1.8.0_65\bin\java.exe
0x0000000076fa0000 - 0x000000007714b000 	C:\Windows\SYSTEM32\ntdll.dll
0x0000000076d80000 - 0x0000000076e9f000 	C:\Windows\system32\kernel32.dll
0x000007fefd130000 - 0x000007fefd19a000 	C:\Windows\system32\KERNELBASE.dll
0x000007fefeee0000 - 0x000007fefefbb000 	C:\Windows\system32\ADVAPI32.dll
0x000007fefec40000 - 0x000007fefecdf000 	C:\Windows\system32\msvcrt.dll
0x000007fefe520000 - 0x000007fefe53f000 	C:\Windows\SYSTEM32\sechost.dll
0x000007fefedb0000 - 0x000007fefeedd000 	C:\Windows\system32\RPCRT4.dll
0x0000000076ea0000 - 0x0000000076f9a000 	C:\Windows\system32\USER32.dll
0x000007fefe4a0000 - 0x000007fefe507000 	C:\Windows\system32\GDI32.dll
0x000007fefefc0000 - 0x000007fefefce000 	C:\Windows\system32\LPK.dll
0x000007fefe540000 - 0x000007fefe60a000 	C:\Windows\system32\USP10.dll
0x000007fefb020000 - 0x000007fefb214000 	C:\Windows\WinSxS\amd64_microsoft.windows.common-controls_6595b64144ccf1df_6.0.7601.18837_none_fa3b1e3d17594757\COMCTL32.dll
0x000007fefd4b0000 - 0x000007fefd521000 	C:\Windows\system32\SHLWAPI.dll
0x000007fefefd0000 - 0x000007fefeffe000 	C:\Windows\system32\IMM32.DLL
0x000007fefe780000 - 0x000007fefe889000 	C:\Windows\system32\MSCTF.dll
0x000000006e190000 - 0x000000006e262000 	C:\Program Files\Java\jdk1.8.0_65\jre\bin\msvcr100.dll
0x000000005e230000 - 0x000000005eab9000 	C:\Program Files\Java\jdk1.8.0_65\jre\bin\server\jvm.dll
0x000007fef5e60000 - 0x000007fef5e69000 	C:\Windows\system32\WSOCK32.dll
0x000007fefed60000 - 0x000007fefedad000 	C:\Windows\system32\WS2_32.dll
0x000007fefe510000 - 0x000007fefe518000 	C:\Windows\system32\NSI.dll
0x000007fefa9f0000 - 0x000007fefaa2b000 	C:\Windows\system32\WINMM.dll
0x000007fefbae0000 - 0x000007fefbaec000 	C:\Windows\system32\VERSION.dll
0x0000000077160000 - 0x0000000077167000 	C:\Windows\system32\PSAPI.DLL
0x000000006de10000 - 0x000000006de1f000 	C:\Program Files\Java\jdk1.8.0_65\jre\bin\verify.dll
0x000000005dfb0000 - 0x000000005dfd9000 	C:\Program Files\Java\jdk1.8.0_65\jre\bin\java.dll
0x000000005df90000 - 0x000000005dfa6000 	C:\Program Files\Java\jdk1.8.0_65\jre\bin\zip.dll
0x000007fefd710000 - 0x000007fefe49c000 	C:\Windows\system32\SHELL32.dll
0x000007feff000000 - 0x000007feff203000 	C:\Windows\system32\ole32.dll
0x000007fefcdf0000 - 0x000007fefcdff000 	C:\Windows\system32\profapi.dll

VM Arguments:
jvm_args: -Xmx1024M -Dfile.encoding=windows-1251 -Duser.country=RU -Duser.language=ru -Duser.variant 
java_command: com.android.dx.command.Main --dex --num-threads=4 --output C:\Users\lyubov_kutergina\AndroidStudioProjects\Hello2\maps1\build\intermediates\dex\debug C:\Users\lyubov_kutergina\AndroidStudioProjects\Hello2\maps1\build\intermediates\classes\debug C:\Users\lyubov_kutergina\AndroidStudioProjects\Hello2\maps1\build\intermediates\pre-dexed\debug\support-annotations-23.1.1-5d5d977b570256acb6d3322deaa3c92029c5753a.jar C:\Users\lyubov_kutergina\AndroidStudioProjects\Hello2\maps1\build\intermediates\pre-dexed\debug\classes-8508ecf328aa8366f2c7369948d3ddd8e9008b5d.jar C:\Users\lyubov_kutergina\AndroidStudioProjects\Hello2\maps1\build\intermediates\pre-dexed\debug\internal_impl-22.2.0-3a9bba9d391453c8f75c80a667aa2310f102c0e8.jar C:\Users\lyubov_kutergina\AndroidStudioProjects\Hello2\maps1\build\intermediates\pre-dexed\debug\classes-d3ff8b9246700cb75390d22a4463f56378a4aa18.jar C:\Users\lyubov_kutergina\AndroidStudioProjects\Hello2\maps1\build\intermediates\pre-dexed\debug\classes-07b45adcf3063f474f5b93f992eb328421cb6d0f.jar C:\Users\lyubov_kutergina\AndroidStudioProjects\Hello2\maps1\build\intermediates\pre-dexed\debug\classes-8a3c9879f40ce3e718835b649d8b49cbdc4021c7.jar C:\Users\lyubov_kutergina\AndroidStudioProjects\Hello2\maps1\build\intermediates\pre-dexed\debug\classes-494f82f6fe10476804dc2f2477f9023e899aa412.jar C:\Users\lyubov_kutergina\AndroidStudioProjects\Hello2\maps1\build\intermediates\pre-dexed\debug\classes-8c19c2482f98b13362cee0c963713a55c0e126d3.jar C:\Users\lyubov_kutergina\AndroidStudioProjects\Hello2\maps1\build\intermediates\pre-dexed\debug\classes-6a641a74a1ebeb7abe9b333cf7fec177a996d14a.jar C:\Users\lyubov_kutergina\AndroidStudioProjects\Hello2\maps1\build\intermediates\pre-dexed\debug\classes-5c9a248b004d52eaa8b821aae7d74ba1f1582aae.jar C:\Users\lyubov_kutergina\AndroidStudioProjects\Hello2\maps1\build\intermediates\pre-dexed\debug\classes-d618565f1e76749e794c3866bbfa11b89300bfcb.jar C:\Users\lyubov_kutergina\AndroidStudioProjects\Hello2\ma
java_class_path (initial): C:\Android\build-tools\23.0.1\lib\dx.jar
Launcher Type: SUN_STANDARD

Environment Variables:
PATH=C:\Program Files\Common Files\Microsoft Shared\Microsoft Online Services;C:\Program Files (x86)\Common Files\Microsoft Shared\Microsoft Online Services;C:\Program Files\Java\jdk1.8.0_65\bin;C:\Android\tools;C:\Program Files\Java\jdk1.8.0_65\bin;C:\ProgramData\Oracle\Java\javapath;C:\Program Files\Common Files\Microsoft Shared\Windows Live;C:\Program Files (x86)\Common Files\Microsoft Shared\Windows Live;C:\Program Files (x86)\PC Connectivity Solution\;C:\Windows\SYSTEM32;C:\Windows;C:\Windows\SYSTEM32\WBEM;C:\Windows\SYSTEM32\WINDOWSPOWERSHELL\V1.0\;C:\PROGRAM FILES (X86)\INTEL\OPENCL SDK\2.0\BIN\X86;C:\PROGRAM FILES (X86)\INTEL\OPENCL SDK\2.0\BIN\X64;C:\PROGRAM FILES\INTEL\WIFI\BIN\;C:\PROGRAM FILES\COMMON FILES\INTEL\WIRELESSCOMMON\;C:\PROGRAM FILES (X86)\MICROSOFT SQL SERVER\100\TOOLS\BINN\;C:\PROGRAM FILES\MICROSOFT SQL SERVER\100\TOOLS\BINN\;C:\PROGRAM FILES (X86)\MICROSOFT SQL SERVER\100\TOOLS\BINN\VSSHELL\COMMON7\IDE\;C:\PROGRAM FILES (X86)\MICROSOFT SQL SERVER\100\DTS\BINN\;C:\PROGRAM FILES (X86)\MICROSOFT SQL SERVER\110\TOOLS\BINN\;C:\PROGRAM FILES\MICROSOFT SQL SERVER\110\TOOLS\BINN\;C:\PROGRAM FILES\MICROSOFT SQL SERVER\110\DTS\BINN\;C:\PROGRAM FILES (X86)\MICROSOFT SQL SERVER\110\TOOLS\BINN\MANAGEMENTSTUDIO\;C:\PROGRAM FILES (X86)\MICROSOFT SQL SERVER\110\DTS\BINN\;C:\Program Files (x86)\ICW\bin;C:\Program Files (x86)\Windows Live\Shared;C:\Program Files (x86)\Skype\Phone\
USERNAME=ivan_grinenko
OS=Windows_NT
PROCESSOR_IDENTIFIER=Intel64 Family 6 Model 58 Stepping 9, GenuineIntel



---------------  S Y S T E M  ---------------

OS: Windows 7 , 64 bit Build 7601 (6.1.7601.23455)

CPU:total 4 (2 cores per cpu, 2 threads per core) family 6 model 58 stepping 9, cmov, cx8, fxsr, mmx, sse, sse2, sse3, ssse3, sse4.1, sse4.2, popcnt, avx, aes, clmul, erms, ht, tsc, tscinvbit, tscinv

Memory: 4k page, physical 3760148k(579304k free), swap 5708052k(5724k free)

vm_info: Java HotSpot(TM) 64-Bit Server VM (25.65-b01) for windows-amd64 JRE (1.8.0_65-b17), built on Oct  6 2015 16:39:20 by "java_re" with MS VC++ 10.0 (VS2010)

time: Sat Aug 13 12:24:43 2016
elapsed time: 3 seconds (0d 0h 0m 3s)

